2020-06-06 15:32:06.4346|WARN|EmployeeManagement.Controllers.ErrorController| 404 error occured. Path = /favicon.ico and Querystring = 
2020-06-06 15:48:30.1702|WARN|Microsoft.AspNetCore.Identity.UserManager|User ce8c3b92-7dfa-45f5-82be-118dc7fdac40 password validation failed: PasswordTooShort.
2020-06-06 16:11:05.1059|TRACE|EmployeeManagement.Models.SQLEmployeeRepository|Trace Log
2020-06-06 16:11:05.1869|DEBUG|EmployeeManagement.Models.SQLEmployeeRepository|Debug Log
2020-06-06 16:11:05.1869|INFO|EmployeeManagement.Models.SQLEmployeeRepository|Information Log
2020-06-06 16:11:05.1869|WARN|EmployeeManagement.Models.SQLEmployeeRepository|Warning Log
2020-06-06 16:11:05.2039|ERROR|EmployeeManagement.Models.SQLEmployeeRepository|Error Log
2020-06-06 16:11:05.2039|FATAL|EmployeeManagement.Models.SQLEmployeeRepository|Critical Log
2020-06-06 16:11:14.6016|TRACE|EmployeeManagement.Models.SQLEmployeeRepository|Trace Log
2020-06-06 16:11:14.6016|DEBUG|EmployeeManagement.Models.SQLEmployeeRepository|Debug Log
2020-06-06 16:11:14.6016|INFO|EmployeeManagement.Models.SQLEmployeeRepository|Information Log
2020-06-06 16:11:14.6116|WARN|EmployeeManagement.Models.SQLEmployeeRepository|Warning Log
2020-06-06 16:11:14.6116|ERROR|EmployeeManagement.Models.SQLEmployeeRepository|Error Log
2020-06-06 16:11:14.6116|FATAL|EmployeeManagement.Models.SQLEmployeeRepository|Critical Log
2020-06-06 16:11:25.1876|TRACE|EmployeeManagement.Controllers.HomeController|Trace Log
2020-06-06 16:11:25.1876|DEBUG|EmployeeManagement.Controllers.HomeController|Debug Log
2020-06-06 16:11:25.1876|INFO|EmployeeManagement.Controllers.HomeController|Information Log
2020-06-06 16:11:25.1876|WARN|EmployeeManagement.Controllers.HomeController|Warning Log
2020-06-06 16:11:25.1876|ERROR|EmployeeManagement.Controllers.HomeController|Error Log
2020-06-06 16:11:25.2006|FATAL|EmployeeManagement.Controllers.HomeController|Critical Log
2020-06-06 16:11:25.2006|TRACE|EmployeeManagement.Models.SQLEmployeeRepository|Trace Log
2020-06-06 16:11:25.2006|DEBUG|EmployeeManagement.Models.SQLEmployeeRepository|Debug Log
2020-06-06 16:11:25.2006|INFO|EmployeeManagement.Models.SQLEmployeeRepository|Information Log
2020-06-06 16:11:25.2006|WARN|EmployeeManagement.Models.SQLEmployeeRepository|Warning Log
2020-06-06 16:11:25.2006|ERROR|EmployeeManagement.Models.SQLEmployeeRepository|Error Log
2020-06-06 16:11:25.2006|FATAL|EmployeeManagement.Models.SQLEmployeeRepository|Critical Log
2020-06-06 16:11:29.1286|TRACE|EmployeeManagement.Models.SQLEmployeeRepository|Trace Log
2020-06-06 16:11:29.1286|DEBUG|EmployeeManagement.Models.SQLEmployeeRepository|Debug Log
2020-06-06 16:11:29.1286|INFO|EmployeeManagement.Models.SQLEmployeeRepository|Information Log
2020-06-06 16:11:29.1416|WARN|EmployeeManagement.Models.SQLEmployeeRepository|Warning Log
2020-06-06 16:11:29.1416|ERROR|EmployeeManagement.Models.SQLEmployeeRepository|Error Log
2020-06-06 16:11:29.1556|FATAL|EmployeeManagement.Models.SQLEmployeeRepository|Critical Log
2020-06-06 17:04:30.5937|INFO|Microsoft.EntityFrameworkCore.Infrastructure|Entity Framework Core 2.2.6-servicing-10079 initialized 'AppDbContext' using provider 'Microsoft.EntityFrameworkCore.SqlServer' with options: MaxPoolSize=128 
2020-06-06 17:05:12.7397|INFO|Microsoft.EntityFrameworkCore.Infrastructure|Entity Framework Core 2.2.6-servicing-10079 initialized 'AppDbContext' using provider 'Microsoft.EntityFrameworkCore.SqlServer' with options: MaxPoolSize=128 
2020-06-06 17:05:13.7898|INFO|Microsoft.EntityFrameworkCore.Database.Command|Executed DbCommand (8ms) [Parameters=[], CommandType='Text', CommandTimeout='30']
SELECT OBJECT_ID(N'[__EFMigrationsHistory]');
2020-06-06 17:05:13.7898|INFO|Microsoft.EntityFrameworkCore.Database.Command|Executed DbCommand (1ms) [Parameters=[], CommandType='Text', CommandTimeout='30']
SELECT OBJECT_ID(N'[__EFMigrationsHistory]');
2020-06-06 17:05:13.7988|INFO|Microsoft.EntityFrameworkCore.Database.Command|Executed DbCommand (2ms) [Parameters=[], CommandType='Text', CommandTimeout='30']
SELECT [MigrationId], [ProductVersion]
FROM [__EFMigrationsHistory]
ORDER BY [MigrationId];
2020-06-06 17:05:13.7988|INFO|Microsoft.EntityFrameworkCore.Migrations|Applying migration '20200606113430_Test'.
2020-06-06 17:05:13.8398|INFO|Microsoft.EntityFrameworkCore.Database.Command|Executed DbCommand (5ms) [Parameters=[], CommandType='Text', CommandTimeout='30']
ALTER TABLE [AspNetRoleClaims] DROP CONSTRAINT [FK_AspNetRoleClaims_AspNetRoles_RoleId];
2020-06-06 17:05:13.8398|INFO|Microsoft.EntityFrameworkCore.Database.Command|Executed DbCommand (3ms) [Parameters=[], CommandType='Text', CommandTimeout='30']
ALTER TABLE [AspNetUserClaims] DROP CONSTRAINT [FK_AspNetUserClaims_AspNetUsers_UserId];
2020-06-06 17:05:13.8468|INFO|Microsoft.EntityFrameworkCore.Database.Command|Executed DbCommand (3ms) [Parameters=[], CommandType='Text', CommandTimeout='30']
ALTER TABLE [AspNetUserLogins] DROP CONSTRAINT [FK_AspNetUserLogins_AspNetUsers_UserId];
2020-06-06 17:05:13.8468|INFO|Microsoft.EntityFrameworkCore.Database.Command|Executed DbCommand (3ms) [Parameters=[], CommandType='Text', CommandTimeout='30']
ALTER TABLE [AspNetUserRoles] DROP CONSTRAINT [FK_AspNetUserRoles_AspNetRoles_RoleId];
2020-06-06 17:05:13.8468|INFO|Microsoft.EntityFrameworkCore.Database.Command|Executed DbCommand (2ms) [Parameters=[], CommandType='Text', CommandTimeout='30']
ALTER TABLE [AspNetUserRoles] DROP CONSTRAINT [FK_AspNetUserRoles_AspNetUsers_UserId];
2020-06-06 17:05:13.8468|INFO|Microsoft.EntityFrameworkCore.Database.Command|Executed DbCommand (5ms) [Parameters=[], CommandType='Text', CommandTimeout='30']
ALTER TABLE [AspNetUserTokens] DROP CONSTRAINT [FK_AspNetUserTokens_AspNetUsers_UserId];
2020-06-06 17:05:13.8628|INFO|Microsoft.EntityFrameworkCore.Database.Command|Executed DbCommand (3ms) [Parameters=[], CommandType='Text', CommandTimeout='30']
ALTER TABLE [AspNetRoleClaims] ADD CONSTRAINT [FK_AspNetRoleClaims_AspNetRoles_RoleId] FOREIGN KEY ([RoleId]) REFERENCES [AspNetRoles] ([Id]) ON DELETE NO ACTION;
2020-06-06 17:05:13.8628|INFO|Microsoft.EntityFrameworkCore.Database.Command|Executed DbCommand (2ms) [Parameters=[], CommandType='Text', CommandTimeout='30']
ALTER TABLE [AspNetUserClaims] ADD CONSTRAINT [FK_AspNetUserClaims_AspNetUsers_UserId] FOREIGN KEY ([UserId]) REFERENCES [AspNetUsers] ([Id]) ON DELETE NO ACTION;
2020-06-06 17:05:13.8628|INFO|Microsoft.EntityFrameworkCore.Database.Command|Executed DbCommand (3ms) [Parameters=[], CommandType='Text', CommandTimeout='30']
ALTER TABLE [AspNetUserLogins] ADD CONSTRAINT [FK_AspNetUserLogins_AspNetUsers_UserId] FOREIGN KEY ([UserId]) REFERENCES [AspNetUsers] ([Id]) ON DELETE NO ACTION;
2020-06-06 17:05:13.8768|INFO|Microsoft.EntityFrameworkCore.Database.Command|Executed DbCommand (7ms) [Parameters=[], CommandType='Text', CommandTimeout='30']
ALTER TABLE [AspNetUserRoles] ADD CONSTRAINT [FK_AspNetUserRoles_AspNetRoles_RoleId] FOREIGN KEY ([RoleId]) REFERENCES [AspNetRoles] ([Id]) ON DELETE NO ACTION;
2020-06-06 17:05:13.8768|INFO|Microsoft.EntityFrameworkCore.Database.Command|Executed DbCommand (4ms) [Parameters=[], CommandType='Text', CommandTimeout='30']
ALTER TABLE [AspNetUserRoles] ADD CONSTRAINT [FK_AspNetUserRoles_AspNetUsers_UserId] FOREIGN KEY ([UserId]) REFERENCES [AspNetUsers] ([Id]) ON DELETE NO ACTION;
2020-06-06 17:05:13.8768|INFO|Microsoft.EntityFrameworkCore.Database.Command|Executed DbCommand (1ms) [Parameters=[], CommandType='Text', CommandTimeout='30']
ALTER TABLE [AspNetUserTokens] ADD CONSTRAINT [FK_AspNetUserTokens_AspNetUsers_UserId] FOREIGN KEY ([UserId]) REFERENCES [AspNetUsers] ([Id]) ON DELETE NO ACTION;
2020-06-06 17:05:13.8768|INFO|Microsoft.EntityFrameworkCore.Database.Command|Executed DbCommand (2ms) [Parameters=[], CommandType='Text', CommandTimeout='30']
INSERT INTO [__EFMigrationsHistory] ([MigrationId], [ProductVersion])
VALUES (N'20200606113430_Test', N'2.2.6-servicing-10079');
2020-06-06 18:50:17.3119|ERROR|Microsoft.EntityFrameworkCore.Database.Command|Failed executing DbCommand (12ms) [Parameters=[@p0='?' (Size = 450), @p1='?' (Size = 4000)], CommandType='Text', CommandTimeout='30']
SET NOCOUNT ON;
DELETE FROM [AspNetRoles]
WHERE [Id] = @p0 AND [ConcurrencyStamp] = @p1;
SELECT @@ROWCOUNT;
2020-06-06 18:50:17.4259|ERROR|Microsoft.EntityFrameworkCore.Update|An exception occurred in the database while saving changes for context type 'EmployeeManagement.Models.AppDbContext'.
Microsoft.EntityFrameworkCore.DbUpdateException: An error occurred while updating the entries. See the inner exception for details. ---> System.Data.SqlClient.SqlException: The DELETE statement conflicted with the REFERENCE constraint "FK_AspNetUserRoles_AspNetRoles_RoleId". The conflict occurred in database "EmployeeDBCore", table "dbo.AspNetUserRoles", column 'RoleId'.
The statement has been terminated.
   at System.Data.SqlClient.SqlCommand.<>c.<ExecuteDbDataReaderAsync>b__122_0(Task`1 result)
   at System.Threading.Tasks.ContinuationResultTaskFromResultTask`2.InnerInvoke()
   at System.Threading.ExecutionContext.RunInternal(ExecutionContext executionContext, ContextCallback callback, Object state)
--- End of stack trace from previous location where exception was thrown ---
   at System.Threading.Tasks.Task.ExecuteWithThreadLocal(Task& currentTaskSlot)
--- End of stack trace from previous location where exception was thrown ---
   at Microsoft.EntityFrameworkCore.Storage.Internal.RelationalCommand.ExecuteAsync(IRelationalConnection connection, DbCommandMethod executeMethod, IReadOnlyDictionary`2 parameterValues, CancellationToken cancellationToken)
   at Microsoft.EntityFrameworkCore.Update.ReaderModificationCommandBatch.ExecuteAsync(IRelationalConnection connection, CancellationToken cancellationToken)
   --- End of inner exception stack trace ---
   at Microsoft.EntityFrameworkCore.Update.ReaderModificationCommandBatch.ExecuteAsync(IRelationalConnection connection, CancellationToken cancellationToken)
   at Microsoft.EntityFrameworkCore.Update.Internal.BatchExecutor.ExecuteAsync(DbContext _, ValueTuple`2 parameters, CancellationToken cancellationToken)
   at Microsoft.EntityFrameworkCore.SqlServer.Storage.Internal.SqlServerExecutionStrategy.ExecuteAsync[TState,TResult](TState state, Func`4 operation, Func`4 verifySucceeded, CancellationToken cancellationToken)
   at Microsoft.EntityFrameworkCore.ChangeTracking.Internal.StateManager.SaveChangesAsync(IReadOnlyList`1 entriesToSave, CancellationToken cancellationToken)
   at Microsoft.EntityFrameworkCore.ChangeTracking.Internal.StateManager.SaveChangesAsync(Boolean acceptAllChangesOnSuccess, CancellationToken cancellationToken)
   at Microsoft.EntityFrameworkCore.DbContext.SaveChangesAsync(Boolean acceptAllChangesOnSuccess, CancellationToken cancellationToken)
2020-06-06 19:18:00.4988|ERROR|Microsoft.EntityFrameworkCore.Database.Command|Failed executing DbCommand (16ms) [Parameters=[@p0='?' (Size = 450), @p1='?' (Size = 4000)], CommandType='Text', CommandTimeout='30']
SET NOCOUNT ON;
DELETE FROM [AspNetRoles]
WHERE [Id] = @p0 AND [ConcurrencyStamp] = @p1;
SELECT @@ROWCOUNT;
2020-06-06 19:18:00.6128|ERROR|Microsoft.EntityFrameworkCore.Update|An exception occurred in the database while saving changes for context type 'EmployeeManagement.Models.AppDbContext'.
Microsoft.EntityFrameworkCore.DbUpdateException: An error occurred while updating the entries. See the inner exception for details. ---> System.Data.SqlClient.SqlException: The DELETE statement conflicted with the REFERENCE constraint "FK_AspNetUserRoles_AspNetRoles_RoleId". The conflict occurred in database "EmployeeDBCore", table "dbo.AspNetUserRoles", column 'RoleId'.
The statement has been terminated.
   at System.Data.SqlClient.SqlCommand.<>c.<ExecuteDbDataReaderAsync>b__122_0(Task`1 result)
   at System.Threading.Tasks.ContinuationResultTaskFromResultTask`2.InnerInvoke()
   at System.Threading.ExecutionContext.RunInternal(ExecutionContext executionContext, ContextCallback callback, Object state)
--- End of stack trace from previous location where exception was thrown ---
   at System.Threading.Tasks.Task.ExecuteWithThreadLocal(Task& currentTaskSlot)
--- End of stack trace from previous location where exception was thrown ---
   at Microsoft.EntityFrameworkCore.Storage.Internal.RelationalCommand.ExecuteAsync(IRelationalConnection connection, DbCommandMethod executeMethod, IReadOnlyDictionary`2 parameterValues, CancellationToken cancellationToken)
   at Microsoft.EntityFrameworkCore.Update.ReaderModificationCommandBatch.ExecuteAsync(IRelationalConnection connection, CancellationToken cancellationToken)
   --- End of inner exception stack trace ---
   at Microsoft.EntityFrameworkCore.Update.ReaderModificationCommandBatch.ExecuteAsync(IRelationalConnection connection, CancellationToken cancellationToken)
   at Microsoft.EntityFrameworkCore.Update.Internal.BatchExecutor.ExecuteAsync(DbContext _, ValueTuple`2 parameters, CancellationToken cancellationToken)
   at Microsoft.EntityFrameworkCore.SqlServer.Storage.Internal.SqlServerExecutionStrategy.ExecuteAsync[TState,TResult](TState state, Func`4 operation, Func`4 verifySucceeded, CancellationToken cancellationToken)
   at Microsoft.EntityFrameworkCore.ChangeTracking.Internal.StateManager.SaveChangesAsync(IReadOnlyList`1 entriesToSave, CancellationToken cancellationToken)
   at Microsoft.EntityFrameworkCore.ChangeTracking.Internal.StateManager.SaveChangesAsync(Boolean acceptAllChangesOnSuccess, CancellationToken cancellationToken)
   at Microsoft.EntityFrameworkCore.DbContext.SaveChangesAsync(Boolean acceptAllChangesOnSuccess, CancellationToken cancellationToken)
2020-06-06 19:18:00.7308|ERROR|EmployeeManagement.Controllers.AdministrationController|Error deleting role Microsoft.EntityFrameworkCore.DbUpdateException: An error occurred while updating the entries. See the inner exception for details. ---> System.Data.SqlClient.SqlException: The DELETE statement conflicted with the REFERENCE constraint "FK_AspNetUserRoles_AspNetRoles_RoleId". The conflict occurred in database "EmployeeDBCore", table "dbo.AspNetUserRoles", column 'RoleId'.
The statement has been terminated.
   at System.Data.SqlClient.SqlCommand.<>c.<ExecuteDbDataReaderAsync>b__122_0(Task`1 result)
   at System.Threading.Tasks.ContinuationResultTaskFromResultTask`2.InnerInvoke()
   at System.Threading.ExecutionContext.RunInternal(ExecutionContext executionContext, ContextCallback callback, Object state)
--- End of stack trace from previous location where exception was thrown ---
   at System.Threading.Tasks.Task.ExecuteWithThreadLocal(Task& currentTaskSlot)
--- End of stack trace from previous location where exception was thrown ---
   at Microsoft.EntityFrameworkCore.Storage.Internal.RelationalCommand.ExecuteAsync(IRelationalConnection connection, DbCommandMethod executeMethod, IReadOnlyDictionary`2 parameterValues, CancellationToken cancellationToken)
   at Microsoft.EntityFrameworkCore.Update.ReaderModificationCommandBatch.ExecuteAsync(IRelationalConnection connection, CancellationToken cancellationToken)
   --- End of inner exception stack trace ---
   at Microsoft.EntityFrameworkCore.Update.ReaderModificationCommandBatch.ExecuteAsync(IRelationalConnection connection, CancellationToken cancellationToken)
   at Microsoft.EntityFrameworkCore.Update.Internal.BatchExecutor.ExecuteAsync(DbContext _, ValueTuple`2 parameters, CancellationToken cancellationToken)
   at Microsoft.EntityFrameworkCore.SqlServer.Storage.Internal.SqlServerExecutionStrategy.ExecuteAsync[TState,TResult](TState state, Func`4 operation, Func`4 verifySucceeded, CancellationToken cancellationToken)
   at Microsoft.EntityFrameworkCore.ChangeTracking.Internal.StateManager.SaveChangesAsync(IReadOnlyList`1 entriesToSave, CancellationToken cancellationToken)
   at Microsoft.EntityFrameworkCore.ChangeTracking.Internal.StateManager.SaveChangesAsync(Boolean acceptAllChangesOnSuccess, CancellationToken cancellationToken)
   at Microsoft.EntityFrameworkCore.DbContext.SaveChangesAsync(Boolean acceptAllChangesOnSuccess, CancellationToken cancellationToken)
   at Microsoft.AspNetCore.Identity.EntityFrameworkCore.RoleStore`5.SaveChanges(CancellationToken cancellationToken)
   at Microsoft.AspNetCore.Identity.EntityFrameworkCore.RoleStore`5.DeleteAsync(TRole role, CancellationToken cancellationToken)
   at EmployeeManagement.Controllers.AdministrationController.DeleteRole(String id) in C:\ashish\core\EmployeeManagement\EmployeeManagement\Controllers\AdministrationController.cs:line 278
