2020-06-10 09:44:39.7966|ERROR|Microsoft.AspNetCore.Diagnostics.ExceptionHandlerMiddleware|An unhandled exception has occurred while executing the request.
2020-06-10 09:44:39.8726|ERROR|EmployeeManagement.Controllers.ErrorController| The path /Account/Login threw an exception System.NullReferenceException: Object reference not set to an instance of an object.
   at AspNetCore.Views_Account_Login.ExecuteAsync() in C:\ashish\core\EmployeeManagement\EmployeeManagement\Views\Account\Login.cshtml:line 38
   at Microsoft.AspNetCore.Mvc.Razor.RazorView.RenderPageCoreAsync(IRazorPage page, ViewContext context)
   at Microsoft.AspNetCore.Mvc.Razor.RazorView.RenderPageAsync(IRazorPage page, ViewContext context, Boolean invokeViewStarts)
   at Microsoft.AspNetCore.Mvc.Razor.RazorView.RenderAsync(ViewContext context)
   at Microsoft.AspNetCore.Mvc.ViewFeatures.ViewExecutor.ExecuteAsync(ViewContext viewContext, String contentType, Nullable`1 statusCode)
   at Microsoft.AspNetCore.Mvc.ViewFeatures.ViewExecutor.ExecuteAsync(ActionContext actionContext, IView view, ViewDataDictionary viewData, ITempDataDictionary tempData, String contentType, Nullable`1 statusCode)
   at Microsoft.AspNetCore.Mvc.ViewFeatures.ViewResultExecutor.ExecuteAsync(ActionContext context, ViewResult result)
   at Microsoft.AspNetCore.Mvc.ViewResult.ExecuteResultAsync(ActionContext context)
   at Microsoft.AspNetCore.Mvc.Internal.ResourceInvoker.InvokeResultAsync(IActionResult result)
   at Microsoft.AspNetCore.Mvc.Internal.ResourceInvoker.InvokeNextResultFilterAsync[TFilter,TFilterAsync]()
   at Microsoft.AspNetCore.Mvc.Internal.ResourceInvoker.Rethrow(ResultExecutedContext context)
   at Microsoft.AspNetCore.Mvc.Internal.ResourceInvoker.ResultNext[TFilter,TFilterAsync](State& next, Scope& scope, Object& state, Boolean& isCompleted)
   at Microsoft.AspNetCore.Mvc.Internal.ResourceInvoker.InvokeResultFilters()
   at Microsoft.AspNetCore.Mvc.Internal.ResourceInvoker.InvokeNextResourceFilter()
   at Microsoft.AspNetCore.Mvc.Internal.ResourceInvoker.Rethrow(ResourceExecutedContext context)
   at Microsoft.AspNetCore.Mvc.Internal.ResourceInvoker.Next(State& next, Scope& scope, Object& state, Boolean& isCompleted)
   at Microsoft.AspNetCore.Mvc.Internal.ResourceInvoker.InvokeFilterPipelineAsync()
   at Microsoft.AspNetCore.Mvc.Internal.ResourceInvoker.InvokeAsync()
   at Microsoft.AspNetCore.Builder.RouterMiddleware.Invoke(HttpContext httpContext)
   at Microsoft.AspNetCore.Authentication.AuthenticationMiddleware.Invoke(HttpContext context)
   at Microsoft.AspNetCore.StaticFiles.StaticFileMiddleware.Invoke(HttpContext context)
   at Microsoft.AspNetCore.Diagnostics.StatusCodePagesMiddleware.Invoke(HttpContext context)
   at Microsoft.AspNetCore.Diagnostics.ExceptionHandlerMiddleware.Invoke(HttpContext context)
2020-06-10 09:46:57.1026|ERROR|Microsoft.AspNetCore.Diagnostics.ExceptionHandlerMiddleware|An unhandled exception has occurred while executing the request.
2020-06-10 09:46:57.1726|ERROR|EmployeeManagement.Controllers.ErrorController| The path /Account/Login threw an exception System.NullReferenceException: Object reference not set to an instance of an object.
   at AspNetCore.Views_Account_Login.ExecuteAsync() in C:\ashish\core\EmployeeManagement\EmployeeManagement\Views\Account\Login.cshtml:line 38
   at Microsoft.AspNetCore.Mvc.Razor.RazorView.RenderPageCoreAsync(IRazorPage page, ViewContext context)
   at Microsoft.AspNetCore.Mvc.Razor.RazorView.RenderPageAsync(IRazorPage page, ViewContext context, Boolean invokeViewStarts)
   at Microsoft.AspNetCore.Mvc.Razor.RazorView.RenderAsync(ViewContext context)
   at Microsoft.AspNetCore.Mvc.ViewFeatures.ViewExecutor.ExecuteAsync(ViewContext viewContext, String contentType, Nullable`1 statusCode)
   at Microsoft.AspNetCore.Mvc.ViewFeatures.ViewExecutor.ExecuteAsync(ActionContext actionContext, IView view, ViewDataDictionary viewData, ITempDataDictionary tempData, String contentType, Nullable`1 statusCode)
   at Microsoft.AspNetCore.Mvc.ViewFeatures.ViewResultExecutor.ExecuteAsync(ActionContext context, ViewResult result)
   at Microsoft.AspNetCore.Mvc.ViewResult.ExecuteResultAsync(ActionContext context)
   at Microsoft.AspNetCore.Mvc.Internal.ResourceInvoker.InvokeResultAsync(IActionResult result)
   at Microsoft.AspNetCore.Mvc.Internal.ResourceInvoker.InvokeNextResultFilterAsync[TFilter,TFilterAsync]()
   at Microsoft.AspNetCore.Mvc.Internal.ResourceInvoker.Rethrow(ResultExecutedContext context)
   at Microsoft.AspNetCore.Mvc.Internal.ResourceInvoker.ResultNext[TFilter,TFilterAsync](State& next, Scope& scope, Object& state, Boolean& isCompleted)
   at Microsoft.AspNetCore.Mvc.Internal.ResourceInvoker.InvokeResultFilters()
   at Microsoft.AspNetCore.Mvc.Internal.ResourceInvoker.InvokeNextResourceFilter()
   at Microsoft.AspNetCore.Mvc.Internal.ResourceInvoker.Rethrow(ResourceExecutedContext context)
   at Microsoft.AspNetCore.Mvc.Internal.ResourceInvoker.Next(State& next, Scope& scope, Object& state, Boolean& isCompleted)
   at Microsoft.AspNetCore.Mvc.Internal.ResourceInvoker.InvokeFilterPipelineAsync()
   at Microsoft.AspNetCore.Mvc.Internal.ResourceInvoker.InvokeAsync()
   at Microsoft.AspNetCore.Builder.RouterMiddleware.Invoke(HttpContext httpContext)
   at Microsoft.AspNetCore.Authentication.AuthenticationMiddleware.Invoke(HttpContext context)
   at Microsoft.AspNetCore.StaticFiles.StaticFileMiddleware.Invoke(HttpContext context)
   at Microsoft.AspNetCore.Diagnostics.StatusCodePagesMiddleware.Invoke(HttpContext context)
   at Microsoft.AspNetCore.Diagnostics.ExceptionHandlerMiddleware.Invoke(HttpContext context)
2020-06-10 09:47:04.4280|ERROR|Microsoft.AspNetCore.Diagnostics.ExceptionHandlerMiddleware|An unhandled exception has occurred while executing the request.
2020-06-10 09:47:04.4380|ERROR|EmployeeManagement.Controllers.ErrorController| The path /account/login threw an exception System.NullReferenceException: Object reference not set to an instance of an object.
   at AspNetCore.Views_Account_Login.ExecuteAsync() in C:\ashish\core\EmployeeManagement\EmployeeManagement\Views\Account\Login.cshtml:line 38
   at Microsoft.AspNetCore.Mvc.Razor.RazorView.RenderPageCoreAsync(IRazorPage page, ViewContext context)
   at Microsoft.AspNetCore.Mvc.Razor.RazorView.RenderPageAsync(IRazorPage page, ViewContext context, Boolean invokeViewStarts)
   at Microsoft.AspNetCore.Mvc.Razor.RazorView.RenderAsync(ViewContext context)
   at Microsoft.AspNetCore.Mvc.ViewFeatures.ViewExecutor.ExecuteAsync(ViewContext viewContext, String contentType, Nullable`1 statusCode)
   at Microsoft.AspNetCore.Mvc.ViewFeatures.ViewExecutor.ExecuteAsync(ActionContext actionContext, IView view, ViewDataDictionary viewData, ITempDataDictionary tempData, String contentType, Nullable`1 statusCode)
   at Microsoft.AspNetCore.Mvc.ViewFeatures.ViewResultExecutor.ExecuteAsync(ActionContext context, ViewResult result)
   at Microsoft.AspNetCore.Mvc.ViewResult.ExecuteResultAsync(ActionContext context)
   at Microsoft.AspNetCore.Mvc.Internal.ResourceInvoker.InvokeResultAsync(IActionResult result)
   at Microsoft.AspNetCore.Mvc.Internal.ResourceInvoker.InvokeNextResultFilterAsync[TFilter,TFilterAsync]()
   at Microsoft.AspNetCore.Mvc.Internal.ResourceInvoker.Rethrow(ResultExecutedContext context)
   at Microsoft.AspNetCore.Mvc.Internal.ResourceInvoker.ResultNext[TFilter,TFilterAsync](State& next, Scope& scope, Object& state, Boolean& isCompleted)
   at Microsoft.AspNetCore.Mvc.Internal.ResourceInvoker.InvokeResultFilters()
   at Microsoft.AspNetCore.Mvc.Internal.ResourceInvoker.InvokeNextResourceFilter()
   at Microsoft.AspNetCore.Mvc.Internal.ResourceInvoker.Rethrow(ResourceExecutedContext context)
   at Microsoft.AspNetCore.Mvc.Internal.ResourceInvoker.Next(State& next, Scope& scope, Object& state, Boolean& isCompleted)
   at Microsoft.AspNetCore.Mvc.Internal.ResourceInvoker.InvokeFilterPipelineAsync()
   at Microsoft.AspNetCore.Mvc.Internal.ResourceInvoker.InvokeAsync()
   at Microsoft.AspNetCore.Builder.RouterMiddleware.Invoke(HttpContext httpContext)
   at Microsoft.AspNetCore.Authentication.AuthenticationMiddleware.Invoke(HttpContext context)
   at Microsoft.AspNetCore.StaticFiles.StaticFileMiddleware.Invoke(HttpContext context)
   at Microsoft.AspNetCore.Diagnostics.StatusCodePagesMiddleware.Invoke(HttpContext context)
   at Microsoft.AspNetCore.Diagnostics.ExceptionHandlerMiddleware.Invoke(HttpContext context)
2020-06-10 09:47:05.9261|ERROR|Microsoft.AspNetCore.Diagnostics.ExceptionHandlerMiddleware|An unhandled exception has occurred while executing the request.
2020-06-10 09:47:05.9331|ERROR|EmployeeManagement.Controllers.ErrorController| The path /Account/Login threw an exception System.NullReferenceException: Object reference not set to an instance of an object.
   at AspNetCore.Views_Account_Login.ExecuteAsync() in C:\ashish\core\EmployeeManagement\EmployeeManagement\Views\Account\Login.cshtml:line 38
   at Microsoft.AspNetCore.Mvc.Razor.RazorView.RenderPageCoreAsync(IRazorPage page, ViewContext context)
   at Microsoft.AspNetCore.Mvc.Razor.RazorView.RenderPageAsync(IRazorPage page, ViewContext context, Boolean invokeViewStarts)
   at Microsoft.AspNetCore.Mvc.Razor.RazorView.RenderAsync(ViewContext context)
   at Microsoft.AspNetCore.Mvc.ViewFeatures.ViewExecutor.ExecuteAsync(ViewContext viewContext, String contentType, Nullable`1 statusCode)
   at Microsoft.AspNetCore.Mvc.ViewFeatures.ViewExecutor.ExecuteAsync(ActionContext actionContext, IView view, ViewDataDictionary viewData, ITempDataDictionary tempData, String contentType, Nullable`1 statusCode)
   at Microsoft.AspNetCore.Mvc.ViewFeatures.ViewResultExecutor.ExecuteAsync(ActionContext context, ViewResult result)
   at Microsoft.AspNetCore.Mvc.ViewResult.ExecuteResultAsync(ActionContext context)
   at Microsoft.AspNetCore.Mvc.Internal.ResourceInvoker.InvokeResultAsync(IActionResult result)
   at Microsoft.AspNetCore.Mvc.Internal.ResourceInvoker.InvokeNextResultFilterAsync[TFilter,TFilterAsync]()
   at Microsoft.AspNetCore.Mvc.Internal.ResourceInvoker.Rethrow(ResultExecutedContext context)
   at Microsoft.AspNetCore.Mvc.Internal.ResourceInvoker.ResultNext[TFilter,TFilterAsync](State& next, Scope& scope, Object& state, Boolean& isCompleted)
   at Microsoft.AspNetCore.Mvc.Internal.ResourceInvoker.InvokeResultFilters()
   at Microsoft.AspNetCore.Mvc.Internal.ResourceInvoker.InvokeNextResourceFilter()
   at Microsoft.AspNetCore.Mvc.Internal.ResourceInvoker.Rethrow(ResourceExecutedContext context)
   at Microsoft.AspNetCore.Mvc.Internal.ResourceInvoker.Next(State& next, Scope& scope, Object& state, Boolean& isCompleted)
   at Microsoft.AspNetCore.Mvc.Internal.ResourceInvoker.InvokeFilterPipelineAsync()
   at Microsoft.AspNetCore.Mvc.Internal.ResourceInvoker.InvokeAsync()
   at Microsoft.AspNetCore.Builder.RouterMiddleware.Invoke(HttpContext httpContext)
   at Microsoft.AspNetCore.Authentication.AuthenticationMiddleware.Invoke(HttpContext context)
   at Microsoft.AspNetCore.StaticFiles.StaticFileMiddleware.Invoke(HttpContext context)
   at Microsoft.AspNetCore.Diagnostics.StatusCodePagesMiddleware.Invoke(HttpContext context)
   at Microsoft.AspNetCore.Diagnostics.ExceptionHandlerMiddleware.Invoke(HttpContext context)
2020-06-10 09:51:18.1218|INFO|Microsoft.AspNetCore.DataProtection.KeyManagement.XmlKeyManager|User profile is available. Using 'C:\Users\Pariksheet\AppData\Local\ASP.NET\DataProtection-Keys' as key repository and Windows DPAPI to encrypt keys at rest.
2020-06-10 09:51:18.8678|INFO|Microsoft.AspNetCore.Hosting.Internal.WebHost|Request starting HTTP/1.1 GET http://localhost:49266/  
2020-06-10 09:51:18.8678|INFO|Microsoft.AspNetCore.Hosting.Internal.WebHost|Request starting HTTP/1.1 DEBUG http://localhost:49266/  0
2020-06-10 09:51:18.8678|INFO|Microsoft.AspNetCore.Hosting.Internal.WebHost|Request starting HTTP/1.1 GET http://localhost:44327/  
2020-06-10 09:51:18.9279|INFO|Microsoft.AspNetCore.Hosting.Internal.WebHost|Request finished in 58.3954ms 200 
2020-06-10 09:51:19.2599|INFO|Microsoft.AspNetCore.Mvc.Internal.ControllerActionInvoker|Route matched with {action = "Index", controller = "Home"}. Executing controller action with signature Microsoft.AspNetCore.Mvc.ViewResult Index() on controller EmployeeManagement.Controllers.HomeController (EmployeeManagement).
2020-06-10 09:51:19.2599|INFO|Microsoft.AspNetCore.Mvc.Internal.ControllerActionInvoker|Route matched with {action = "Index", controller = "Home"}. Executing controller action with signature Microsoft.AspNetCore.Mvc.ViewResult Index() on controller EmployeeManagement.Controllers.HomeController (EmployeeManagement).
2020-06-10 09:51:19.5479|INFO|Microsoft.AspNetCore.Mvc.Internal.ControllerActionInvoker|Executing action method EmployeeManagement.Controllers.HomeController.Index (EmployeeManagement) - Validation state: Valid
2020-06-10 09:51:19.5479|INFO|Microsoft.AspNetCore.Mvc.Internal.ControllerActionInvoker|Executing action method EmployeeManagement.Controllers.HomeController.Index (EmployeeManagement) - Validation state: Valid
2020-06-10 09:51:19.5549|INFO|Microsoft.AspNetCore.Mvc.Internal.ControllerActionInvoker|Executed action method EmployeeManagement.Controllers.HomeController.Index (EmployeeManagement), returned result Microsoft.AspNetCore.Mvc.ViewResult in 1.3637ms.
2020-06-10 09:51:19.5549|INFO|Microsoft.AspNetCore.Mvc.Internal.ControllerActionInvoker|Executed action method EmployeeManagement.Controllers.HomeController.Index (EmployeeManagement), returned result Microsoft.AspNetCore.Mvc.ViewResult in 2.044ms.
2020-06-10 09:51:19.5969|INFO|Microsoft.AspNetCore.Mvc.ViewFeatures.ViewResultExecutor|Executing ViewResult, running view Index.
2020-06-10 09:51:19.5969|INFO|Microsoft.AspNetCore.Mvc.ViewFeatures.ViewResultExecutor|Executing ViewResult, running view Index.
2020-06-10 09:51:20.1279|INFO|Microsoft.EntityFrameworkCore.Infrastructure|Entity Framework Core 2.2.6-servicing-10079 initialized 'AppDbContext' using provider 'Microsoft.EntityFrameworkCore.SqlServer' with options: MaxPoolSize=128 
2020-06-10 09:51:20.1279|INFO|Microsoft.EntityFrameworkCore.Infrastructure|Entity Framework Core 2.2.6-servicing-10079 initialized 'AppDbContext' using provider 'Microsoft.EntityFrameworkCore.SqlServer' with options: MaxPoolSize=128 
2020-06-10 09:51:21.1910|INFO|Microsoft.EntityFrameworkCore.Database.Command|Executed DbCommand (10ms) [Parameters=[], CommandType='Text', CommandTimeout='30']
SELECT [e].[Id], [e].[Department], [e].[Email], [e].[Name], [e].[PhotoPath]
FROM [Employees] AS [e]
2020-06-10 09:51:21.1910|INFO|Microsoft.EntityFrameworkCore.Database.Command|Executed DbCommand (10ms) [Parameters=[], CommandType='Text', CommandTimeout='30']
SELECT [e].[Id], [e].[Department], [e].[Email], [e].[Name], [e].[PhotoPath]
FROM [Employees] AS [e]
2020-06-10 09:51:21.3920|INFO|Microsoft.AspNetCore.Mvc.ViewFeatures.ViewResultExecutor|Executed ViewResult - view Index executed in 1824.6775ms.
2020-06-10 09:51:21.3920|INFO|Microsoft.AspNetCore.Mvc.ViewFeatures.ViewResultExecutor|Executed ViewResult - view Index executed in 1824.6775ms.
2020-06-10 09:51:21.3940|INFO|Microsoft.AspNetCore.Mvc.Internal.ControllerActionInvoker|Executed action EmployeeManagement.Controllers.HomeController.Index (EmployeeManagement) in 2133.1643ms
2020-06-10 09:51:21.3940|INFO|Microsoft.AspNetCore.Mvc.Internal.ControllerActionInvoker|Executed action EmployeeManagement.Controllers.HomeController.Index (EmployeeManagement) in 2133.5629ms
2020-06-10 09:51:21.4190|INFO|Microsoft.AspNetCore.Hosting.Internal.WebHost|Request finished in 2552.6101ms 200 text/html; charset=utf-8
2020-06-10 09:51:21.4190|INFO|Microsoft.AspNetCore.Hosting.Internal.WebHost|Request finished in 2553.5149ms 200 text/html; charset=utf-8
2020-06-10 09:51:21.9520|INFO|Microsoft.AspNetCore.Hosting.Internal.WebHost|Request starting HTTP/1.1 GET http://localhost:44327/favicon.ico  
2020-06-10 09:51:21.9600|INFO|Microsoft.AspNetCore.Hosting.Internal.WebHost|Request finished in 8.0389ms 404 
2020-06-10 09:52:23.3813|INFO|Microsoft.AspNetCore.Hosting.Internal.WebHost|Request starting HTTP/1.1 GET http://localhost:44327/account/login  
2020-06-10 09:52:23.4343|INFO|Microsoft.AspNetCore.Mvc.Internal.ControllerActionInvoker|Route matched with {action = "Login", controller = "Account"}. Executing controller action with signature System.Threading.Tasks.Task`1[Microsoft.AspNetCore.Mvc.IActionResult] Login(System.String) on controller EmployeeManagement.Controllers.AccountController (EmployeeManagement).
2020-06-10 09:52:23.4473|INFO|Microsoft.AspNetCore.Mvc.Internal.ControllerActionInvoker|Executing action method EmployeeManagement.Controllers.AccountController.Login (EmployeeManagement) - Validation state: Valid
2020-06-10 09:52:23.4533|INFO|Microsoft.AspNetCore.Mvc.Internal.ControllerActionInvoker|Executed action method EmployeeManagement.Controllers.AccountController.Login (EmployeeManagement), returned result Microsoft.AspNetCore.Mvc.ViewResult in 5.3132ms.
2020-06-10 09:52:23.4683|INFO|Microsoft.AspNetCore.Mvc.ViewFeatures.ViewResultExecutor|Executing ViewResult, running view Login.
2020-06-10 09:52:25.3664|INFO|Microsoft.AspNetCore.Mvc.Internal.ControllerActionInvoker|Executed action EmployeeManagement.Controllers.AccountController.Login (EmployeeManagement) in 1931.0023ms
2020-06-10 09:52:25.4554|ERROR|Microsoft.AspNetCore.Diagnostics.DeveloperExceptionPageMiddleware|An unhandled exception has occurred while executing the request.
2020-06-10 09:52:25.5015|INFO|Microsoft.AspNetCore.Hosting.Internal.WebHost|Request finished in 2120.1037ms 500 text/html; charset=utf-8
2020-06-10 09:53:41.8012|INFO|Microsoft.AspNetCore.DataProtection.KeyManagement.XmlKeyManager|User profile is available. Using 'C:\Users\Pariksheet\AppData\Local\ASP.NET\DataProtection-Keys' as key repository and Windows DPAPI to encrypt keys at rest.
2020-06-10 09:53:42.5492|INFO|Microsoft.AspNetCore.Hosting.Internal.WebHost|Request starting HTTP/1.1 GET http://localhost:44327/  
2020-06-10 09:53:42.5492|INFO|Microsoft.AspNetCore.Hosting.Internal.WebHost|Request starting HTTP/1.1 DEBUG http://localhost:49266/  0
2020-06-10 09:53:42.6292|INFO|Microsoft.AspNetCore.Hosting.Internal.WebHost|Request finished in 79.14ms 200 
2020-06-10 09:53:42.8952|INFO|Microsoft.AspNetCore.Mvc.Internal.ControllerActionInvoker|Route matched with {action = "Index", controller = "Home"}. Executing controller action with signature Microsoft.AspNetCore.Mvc.ViewResult Index() on controller EmployeeManagement.Controllers.HomeController (EmployeeManagement).
2020-06-10 09:53:43.1692|INFO|Microsoft.AspNetCore.Mvc.Internal.ControllerActionInvoker|Executing action method EmployeeManagement.Controllers.HomeController.Index (EmployeeManagement) - Validation state: Valid
2020-06-10 09:53:43.1692|INFO|Microsoft.AspNetCore.Mvc.Internal.ControllerActionInvoker|Executed action method EmployeeManagement.Controllers.HomeController.Index (EmployeeManagement), returned result Microsoft.AspNetCore.Mvc.ViewResult in 1.5031ms.
2020-06-10 09:53:43.2142|INFO|Microsoft.AspNetCore.Mvc.ViewFeatures.ViewResultExecutor|Executing ViewResult, running view Index.
2020-06-10 09:53:43.6443|INFO|Microsoft.EntityFrameworkCore.Infrastructure|Entity Framework Core 2.2.6-servicing-10079 initialized 'AppDbContext' using provider 'Microsoft.EntityFrameworkCore.SqlServer' with options: MaxPoolSize=128 
2020-06-10 09:53:44.6733|INFO|Microsoft.EntityFrameworkCore.Database.Command|Executed DbCommand (9ms) [Parameters=[], CommandType='Text', CommandTimeout='30']
SELECT [e].[Id], [e].[Department], [e].[Email], [e].[Name], [e].[PhotoPath]
FROM [Employees] AS [e]
2020-06-10 09:53:44.8623|INFO|Microsoft.AspNetCore.Mvc.ViewFeatures.ViewResultExecutor|Executed ViewResult - view Index executed in 1672.2965ms.
2020-06-10 09:53:44.8623|INFO|Microsoft.AspNetCore.Mvc.Internal.ControllerActionInvoker|Executed action EmployeeManagement.Controllers.HomeController.Index (EmployeeManagement) in 1966.5749ms
2020-06-10 09:53:44.8773|INFO|Microsoft.AspNetCore.Hosting.Internal.WebHost|Request finished in 2329.0167ms 200 text/html; charset=utf-8
2020-06-10 09:53:47.3148|INFO|Microsoft.AspNetCore.Hosting.Internal.WebHost|Request starting HTTP/1.1 GET http://localhost:44327/account/login  
2020-06-10 09:53:47.3558|INFO|Microsoft.AspNetCore.Mvc.Internal.ControllerActionInvoker|Route matched with {action = "Login", controller = "Account"}. Executing controller action with signature System.Threading.Tasks.Task`1[Microsoft.AspNetCore.Mvc.IActionResult] Login(System.String) on controller EmployeeManagement.Controllers.AccountController (EmployeeManagement).
2020-06-10 09:53:47.3748|INFO|Microsoft.AspNetCore.Mvc.Internal.ControllerActionInvoker|Executing action method EmployeeManagement.Controllers.AccountController.Login (EmployeeManagement) - Validation state: Valid
2020-06-10 09:53:47.3828|INFO|Microsoft.AspNetCore.Mvc.Internal.ControllerActionInvoker|Executed action method EmployeeManagement.Controllers.AccountController.Login (EmployeeManagement), returned result Microsoft.AspNetCore.Mvc.ViewResult in 7.4415ms.
2020-06-10 09:53:47.3828|INFO|Microsoft.AspNetCore.Mvc.ViewFeatures.ViewResultExecutor|Executing ViewResult, running view Login.
2020-06-10 09:53:47.4888|INFO|Microsoft.AspNetCore.Mvc.ViewFeatures.ViewResultExecutor|Executed ViewResult - view Login executed in 105.3228ms.
2020-06-10 09:53:47.4888|INFO|Microsoft.AspNetCore.Mvc.Internal.ControllerActionInvoker|Executed action EmployeeManagement.Controllers.AccountController.Login (EmployeeManagement) in 132.9732ms
2020-06-10 09:53:47.4888|INFO|Microsoft.AspNetCore.Hosting.Internal.WebHost|Request finished in 176.8413ms 200 text/html; charset=utf-8
2020-06-10 09:53:49.0123|INFO|Microsoft.AspNetCore.Hosting.Internal.WebHost|Request starting HTTP/1.1 POST http://localhost:44327/account/externallogin application/x-www-form-urlencoded 198
2020-06-10 09:53:49.0123|INFO|Microsoft.AspNetCore.Hosting.Internal.WebHost|Request finished in 2.7586ms 404 
2020-06-10 09:53:49.0323|INFO|Microsoft.AspNetCore.Server.Kestrel|Connection id "0HM0CUO7EAA1Q", Request id "0HM0CUO7EAA1Q:00000002": the application completed without reading the entire request body.
2020-06-10 09:53:50.8600|INFO|Microsoft.AspNetCore.Hosting.Internal.WebHost|Request starting HTTP/1.1 GET http://localhost:44327/account/login  
2020-06-10 09:53:50.8600|INFO|Microsoft.AspNetCore.Mvc.Internal.ControllerActionInvoker|Route matched with {action = "Login", controller = "Account"}. Executing controller action with signature System.Threading.Tasks.Task`1[Microsoft.AspNetCore.Mvc.IActionResult] Login(System.String) on controller EmployeeManagement.Controllers.AccountController (EmployeeManagement).
2020-06-10 09:53:50.8600|INFO|Microsoft.AspNetCore.Mvc.Internal.ControllerActionInvoker|Executing action method EmployeeManagement.Controllers.AccountController.Login (EmployeeManagement) - Validation state: Valid
2020-06-10 09:53:50.8600|INFO|Microsoft.AspNetCore.Mvc.Internal.ControllerActionInvoker|Executed action method EmployeeManagement.Controllers.AccountController.Login (EmployeeManagement), returned result Microsoft.AspNetCore.Mvc.ViewResult in 0.1158ms.
2020-06-10 09:53:50.8600|INFO|Microsoft.AspNetCore.Mvc.ViewFeatures.ViewResultExecutor|Executing ViewResult, running view Login.
2020-06-10 09:53:50.8600|INFO|Microsoft.AspNetCore.Mvc.ViewFeatures.ViewResultExecutor|Executed ViewResult - view Login executed in 3.0665ms.
2020-06-10 09:53:50.8600|INFO|Microsoft.AspNetCore.Mvc.Internal.ControllerActionInvoker|Executed action EmployeeManagement.Controllers.AccountController.Login (EmployeeManagement) in 5.5039ms
2020-06-10 09:53:50.8600|INFO|Microsoft.AspNetCore.Hosting.Internal.WebHost|Request finished in 8.7783ms 200 text/html; charset=utf-8
2020-06-10 09:53:56.2613|INFO|Microsoft.AspNetCore.Hosting.Internal.WebHost|Request starting HTTP/1.1 POST http://localhost:44327/account/externallogin application/x-www-form-urlencoded 198
2020-06-10 09:53:56.2613|INFO|Microsoft.AspNetCore.Hosting.Internal.WebHost|Request finished in 2.5135ms 404 
2020-06-10 09:53:56.2613|INFO|Microsoft.AspNetCore.Server.Kestrel|Connection id "0HM0CUO7EAA1Q", Request id "0HM0CUO7EAA1Q:00000003": the application completed without reading the entire request body.
2020-06-10 09:59:46.5764|INFO|Microsoft.AspNetCore.DataProtection.KeyManagement.XmlKeyManager|User profile is available. Using 'C:\Users\Pariksheet\AppData\Local\ASP.NET\DataProtection-Keys' as key repository and Windows DPAPI to encrypt keys at rest.
2020-06-10 09:59:47.2335|INFO|Microsoft.AspNetCore.Hosting.Internal.WebHost|Request starting HTTP/1.1 DEBUG http://localhost:49266/  0
2020-06-10 09:59:47.2335|INFO|Microsoft.AspNetCore.Hosting.Internal.WebHost|Request starting HTTP/1.1 GET http://localhost:44327/  
2020-06-10 09:59:47.3035|INFO|Microsoft.AspNetCore.Hosting.Internal.WebHost|Request finished in 68.0547ms 200 
2020-06-10 09:59:47.5995|INFO|Microsoft.AspNetCore.Mvc.Internal.ControllerActionInvoker|Route matched with {action = "Index", controller = "Home"}. Executing controller action with signature Microsoft.AspNetCore.Mvc.ViewResult Index() on controller EmployeeManagement.Controllers.HomeController (EmployeeManagement).
2020-06-10 09:59:47.9035|INFO|Microsoft.AspNetCore.Mvc.Internal.ControllerActionInvoker|Executing action method EmployeeManagement.Controllers.HomeController.Index (EmployeeManagement) - Validation state: Valid
2020-06-10 09:59:47.9035|INFO|Microsoft.AspNetCore.Mvc.Internal.ControllerActionInvoker|Executed action method EmployeeManagement.Controllers.HomeController.Index (EmployeeManagement), returned result Microsoft.AspNetCore.Mvc.ViewResult in 1.9179ms.
2020-06-10 09:59:47.9565|INFO|Microsoft.AspNetCore.Mvc.ViewFeatures.ViewResultExecutor|Executing ViewResult, running view Index.
2020-06-10 09:59:48.5055|INFO|Microsoft.EntityFrameworkCore.Infrastructure|Entity Framework Core 2.2.6-servicing-10079 initialized 'AppDbContext' using provider 'Microsoft.EntityFrameworkCore.SqlServer' with options: MaxPoolSize=128 
2020-06-10 09:59:49.7496|INFO|Microsoft.EntityFrameworkCore.Database.Command|Executed DbCommand (10ms) [Parameters=[], CommandType='Text', CommandTimeout='30']
SELECT [e].[Id], [e].[Department], [e].[Email], [e].[Name], [e].[PhotoPath]
FROM [Employees] AS [e]
2020-06-10 09:59:49.9496|INFO|Microsoft.AspNetCore.Mvc.ViewFeatures.ViewResultExecutor|Executed ViewResult - view Index executed in 2022.7104ms.
2020-06-10 09:59:49.9496|INFO|Microsoft.AspNetCore.Mvc.Internal.ControllerActionInvoker|Executed action EmployeeManagement.Controllers.HomeController.Index (EmployeeManagement) in 2350.9492ms
2020-06-10 09:59:49.9666|INFO|Microsoft.AspNetCore.Hosting.Internal.WebHost|Request finished in 2734.7548ms 200 text/html; charset=utf-8
2020-06-10 09:59:52.9398|INFO|Microsoft.AspNetCore.Hosting.Internal.WebHost|Request starting HTTP/1.1 GET http://localhost:44327/account/login  
2020-06-10 09:59:52.9748|INFO|Microsoft.AspNetCore.Mvc.Internal.ControllerActionInvoker|Route matched with {action = "Login", controller = "Account"}. Executing controller action with signature System.Threading.Tasks.Task`1[Microsoft.AspNetCore.Mvc.IActionResult] Login(System.String) on controller EmployeeManagement.Controllers.AccountController (EmployeeManagement).
2020-06-10 09:59:52.9908|INFO|Microsoft.AspNetCore.Mvc.Internal.ControllerActionInvoker|Executing action method EmployeeManagement.Controllers.AccountController.Login (EmployeeManagement) - Validation state: Valid
2020-06-10 09:59:52.9908|INFO|Microsoft.AspNetCore.Mvc.Internal.ControllerActionInvoker|Executed action method EmployeeManagement.Controllers.AccountController.Login (EmployeeManagement), returned result Microsoft.AspNetCore.Mvc.ViewResult in 5.2897ms.
2020-06-10 09:59:53.0008|INFO|Microsoft.AspNetCore.Mvc.ViewFeatures.ViewResultExecutor|Executing ViewResult, running view Login.
2020-06-10 09:59:53.0808|INFO|Microsoft.AspNetCore.Mvc.ViewFeatures.ViewResultExecutor|Executed ViewResult - view Login executed in 83.0853ms.
2020-06-10 09:59:53.0808|INFO|Microsoft.AspNetCore.Mvc.Internal.ControllerActionInvoker|Executed action EmployeeManagement.Controllers.AccountController.Login (EmployeeManagement) in 106.5133ms
2020-06-10 09:59:53.0808|INFO|Microsoft.AspNetCore.Hosting.Internal.WebHost|Request finished in 143.1665ms 200 text/html; charset=utf-8
2020-06-10 09:59:54.2819|INFO|Microsoft.AspNetCore.Hosting.Internal.WebHost|Request starting HTTP/1.1 POST http://localhost:44327/account/externallogin application/x-www-form-urlencoded 198
2020-06-10 09:59:54.2819|INFO|Microsoft.AspNetCore.Mvc.Internal.ControllerActionInvoker|Route matched with {action = "ExternalLogin", controller = "Account"}. Executing controller action with signature Microsoft.AspNetCore.Mvc.IActionResult ExternalLogin(System.String, System.String) on controller EmployeeManagement.Controllers.AccountController (EmployeeManagement).
2020-06-10 09:59:54.3319|INFO|Microsoft.AspNetCore.Mvc.Internal.ControllerActionInvoker|Executing action method EmployeeManagement.Controllers.AccountController.ExternalLogin (EmployeeManagement) - Validation state: Valid
2020-06-10 09:59:54.3319|INFO|Microsoft.AspNetCore.Mvc.Internal.ControllerActionInvoker|Executed action method EmployeeManagement.Controllers.AccountController.ExternalLogin (EmployeeManagement), returned result Microsoft.AspNetCore.Mvc.ChallengeResult in 3.1789ms.
2020-06-10 09:59:54.3319|INFO|Microsoft.AspNetCore.Mvc.ChallengeResult|Executing ChallengeResult with authentication schemes (Google).
2020-06-10 09:59:54.3509|INFO|Microsoft.AspNetCore.Authentication.Google.GoogleHandler|AuthenticationScheme: Google was challenged.
2020-06-10 09:59:54.3509|INFO|Microsoft.AspNetCore.Mvc.Internal.ControllerActionInvoker|Executed action EmployeeManagement.Controllers.AccountController.ExternalLogin (EmployeeManagement) in 64.605ms
2020-06-10 09:59:54.3509|INFO|Microsoft.AspNetCore.Hosting.Internal.WebHost|Request finished in 70.7089ms 302 
2020-06-10 10:06:57.6088|INFO|Microsoft.AspNetCore.Hosting.Internal.WebHost|Request starting HTTP/1.1 GET http://localhost:44327/signin-google?state=CfDJ8OppLAnSpZBBnOns_WVxN4LLUNI8g7Mb_oil7BPvHISfHSXfRjSJa3lyirZw-UD8TlkCYMl95iItKh61K4uhORdPpvfg9G0mRpU3FJmnGuVv3_41GafRq0XKFkHKELw2pKwzLurG10CvbxqQGTTJIO1iEuDTn57R5WUNYj7P7Cj0JEFnLqg12HyhvHDe623nYrzJyJGFFv4GvWHkc5fD-_wYnzu7zmAPJQNH6q-Cm0bkFrzz0CytgwofiSuWcZ1kYUrg-MwPHL0oGLwGFpY6PfQ&code=4%2F0gHzK4x0JtSe1xtmIt1kzaTQByJA2yaQTMh0HwSIS2N-IONrMYJiDNiXKhK8CskuCEdmFZJTyvGdiJKs2e3H2-s&scope=email+profile+openid+https%3A%2F%2Fwww.googleapis.com%2Fauth%2Fuserinfo.profile+https%3A%2F%2Fwww.googleapis.com%2Fauth%2Fuserinfo.email&authuser=1&prompt=consent  
2020-06-10 10:06:58.8939|INFO|Microsoft.AspNetCore.Authentication.Cookies.CookieAuthenticationHandler|AuthenticationScheme: Identity.External signed in.
2020-06-10 10:06:58.9009|INFO|Microsoft.AspNetCore.Hosting.Internal.WebHost|Request finished in 1291.2743ms 302 
2020-06-10 10:06:58.9009|INFO|Microsoft.AspNetCore.Hosting.Internal.WebHost|Request starting HTTP/1.1 GET http://localhost:44327/Account/ExternalloginCallback  
2020-06-10 10:06:58.9009|INFO|Microsoft.AspNetCore.Hosting.Internal.WebHost|Request finished in 1.4038ms 404 
2020-06-10 10:41:13.9813|INFO|Microsoft.AspNetCore.DataProtection.KeyManagement.XmlKeyManager|User profile is available. Using 'C:\Users\Pariksheet\AppData\Local\ASP.NET\DataProtection-Keys' as key repository and Windows DPAPI to encrypt keys at rest.
2020-06-10 10:41:14.7734|INFO|Microsoft.AspNetCore.Hosting.Internal.WebHost|Request starting HTTP/1.1 GET http://localhost:44327/  
2020-06-10 10:41:14.7734|INFO|Microsoft.AspNetCore.Hosting.Internal.WebHost|Request starting HTTP/1.1 DEBUG http://localhost:49266/  0
2020-06-10 10:41:14.8374|INFO|Microsoft.AspNetCore.Hosting.Internal.WebHost|Request finished in 61.9067ms 200 
2020-06-10 10:41:15.1374|INFO|Microsoft.AspNetCore.Mvc.Internal.ControllerActionInvoker|Route matched with {action = "Index", controller = "Home"}. Executing controller action with signature Microsoft.AspNetCore.Mvc.ViewResult Index() on controller EmployeeManagement.Controllers.HomeController (EmployeeManagement).
2020-06-10 10:41:15.4324|INFO|Microsoft.AspNetCore.Mvc.Internal.ControllerActionInvoker|Executing action method EmployeeManagement.Controllers.HomeController.Index (EmployeeManagement) - Validation state: Valid
2020-06-10 10:41:15.4324|INFO|Microsoft.AspNetCore.Mvc.Internal.ControllerActionInvoker|Executed action method EmployeeManagement.Controllers.HomeController.Index (EmployeeManagement), returned result Microsoft.AspNetCore.Mvc.ViewResult in 2.0248ms.
2020-06-10 10:41:15.4764|INFO|Microsoft.AspNetCore.Mvc.ViewFeatures.ViewResultExecutor|Executing ViewResult, running view Index.
2020-06-10 10:41:15.9744|INFO|Microsoft.EntityFrameworkCore.Infrastructure|Entity Framework Core 2.2.6-servicing-10079 initialized 'AppDbContext' using provider 'Microsoft.EntityFrameworkCore.SqlServer' with options: MaxPoolSize=128 
2020-06-10 10:41:17.1415|INFO|Microsoft.EntityFrameworkCore.Database.Command|Executed DbCommand (10ms) [Parameters=[], CommandType='Text', CommandTimeout='30']
SELECT [e].[Id], [e].[Department], [e].[Email], [e].[Name], [e].[PhotoPath]
FROM [Employees] AS [e]
2020-06-10 10:41:17.3505|INFO|Microsoft.AspNetCore.Mvc.ViewFeatures.ViewResultExecutor|Executed ViewResult - view Index executed in 1898.5565ms.
2020-06-10 10:41:17.3505|INFO|Microsoft.AspNetCore.Mvc.Internal.ControllerActionInvoker|Executed action EmployeeManagement.Controllers.HomeController.Index (EmployeeManagement) in 2213.1943ms
2020-06-10 10:41:17.3675|INFO|Microsoft.AspNetCore.Hosting.Internal.WebHost|Request finished in 2595.3035ms 200 text/html; charset=utf-8
2020-06-10 10:42:13.7237|INFO|Microsoft.AspNetCore.Hosting.Internal.WebHost|Request starting HTTP/1.1 GET http://localhost:44327/account/login  
2020-06-10 10:42:13.7647|INFO|Microsoft.AspNetCore.Mvc.Internal.ControllerActionInvoker|Route matched with {action = "Login", controller = "Account"}. Executing controller action with signature System.Threading.Tasks.Task`1[Microsoft.AspNetCore.Mvc.IActionResult] Login(System.String) on controller EmployeeManagement.Controllers.AccountController (EmployeeManagement).
2020-06-10 10:42:13.7797|INFO|Microsoft.AspNetCore.Mvc.Internal.ControllerActionInvoker|Executing action method EmployeeManagement.Controllers.AccountController.Login (EmployeeManagement) - Validation state: Valid
2020-06-10 10:42:13.7797|INFO|Microsoft.AspNetCore.Mvc.Internal.ControllerActionInvoker|Executed action method EmployeeManagement.Controllers.AccountController.Login (EmployeeManagement), returned result Microsoft.AspNetCore.Mvc.ViewResult in 5.6536ms.
2020-06-10 10:42:13.7947|INFO|Microsoft.AspNetCore.Mvc.ViewFeatures.ViewResultExecutor|Executing ViewResult, running view Login.
2020-06-10 10:42:13.8837|INFO|Microsoft.AspNetCore.Mvc.ViewFeatures.ViewResultExecutor|Executed ViewResult - view Login executed in 96.5068ms.
2020-06-10 10:42:13.8837|INFO|Microsoft.AspNetCore.Mvc.Internal.ControllerActionInvoker|Executed action EmployeeManagement.Controllers.AccountController.Login (EmployeeManagement) in 118.7678ms
2020-06-10 10:42:13.8837|INFO|Microsoft.AspNetCore.Hosting.Internal.WebHost|Request finished in 161.3ms 200 text/html; charset=utf-8
2020-06-10 10:42:15.1518|INFO|Microsoft.AspNetCore.Hosting.Internal.WebHost|Request starting HTTP/1.1 POST http://localhost:44327/account/externallogin application/x-www-form-urlencoded 198
2020-06-10 10:42:15.1518|INFO|Microsoft.AspNetCore.Mvc.Internal.ControllerActionInvoker|Route matched with {action = "ExternalLogin", controller = "Account"}. Executing controller action with signature Microsoft.AspNetCore.Mvc.IActionResult ExternalLogin(System.String, System.String) on controller EmployeeManagement.Controllers.AccountController (EmployeeManagement).
2020-06-10 10:42:15.2038|INFO|Microsoft.AspNetCore.Mvc.Internal.ControllerActionInvoker|Executing action method EmployeeManagement.Controllers.AccountController.ExternalLogin (EmployeeManagement) - Validation state: Valid
2020-06-10 10:42:15.2078|INFO|Microsoft.AspNetCore.Mvc.Internal.ControllerActionInvoker|Executed action method EmployeeManagement.Controllers.AccountController.ExternalLogin (EmployeeManagement), returned result Microsoft.AspNetCore.Mvc.ChallengeResult in 2.9643ms.
2020-06-10 10:42:15.2078|INFO|Microsoft.AspNetCore.Mvc.ChallengeResult|Executing ChallengeResult with authentication schemes (Google).
2020-06-10 10:42:15.2238|INFO|Microsoft.AspNetCore.Authentication.Google.GoogleHandler|AuthenticationScheme: Google was challenged.
2020-06-10 10:42:15.2238|INFO|Microsoft.AspNetCore.Mvc.Internal.ControllerActionInvoker|Executed action EmployeeManagement.Controllers.AccountController.ExternalLogin (EmployeeManagement) in 68.6217ms
2020-06-10 10:42:15.2238|INFO|Microsoft.AspNetCore.Hosting.Internal.WebHost|Request finished in 75.2982ms 302 
2020-06-10 10:42:19.4631|INFO|Microsoft.AspNetCore.Hosting.Internal.WebHost|Request starting HTTP/1.1 GET http://localhost:44327/signin-google?state=CfDJ8OppLAnSpZBBnOns_WVxN4IlLgo_ZUcA4hGRY7q1wZBWh85ZNMWBROECNrkDMZsEq0Sdx5CmO0I7Iz4Kot6NGRnnnq2GKeNR6PhZxarSkBEE7ZE5f_x28GT5BZoUcch6ZM3iBH-T86adZil-kflRxDmzksxMVYIzn9rig7VTUpXXg5gWFHY47byqTLJHPaYQVrqt6u29BYeHnZ38Q-TyoXJckNlsCWhhW-KRP6blfZawoBlWCEX49Gw3uZonA_Y9E0mW51mFCvZi2-Pf-_f5958&code=4%2F0gEnjw1ogYTAzso_iY5leQx71lPjLQbuQTIRtcfLa74tzWpdv9hLaKRfIl_cHeK2HYGPGlJEeEBz1gdxZFG6C_o&scope=email+profile+openid+https%3A%2F%2Fwww.googleapis.com%2Fauth%2Fuserinfo.profile+https%3A%2F%2Fwww.googleapis.com%2Fauth%2Fuserinfo.email&authuser=1&prompt=consent  
2020-06-10 10:42:20.5141|INFO|Microsoft.AspNetCore.Authentication.Cookies.CookieAuthenticationHandler|AuthenticationScheme: Identity.External signed in.
2020-06-10 10:42:20.5141|INFO|Microsoft.AspNetCore.Hosting.Internal.WebHost|Request finished in 1057.8464ms 302 
2020-06-10 10:42:20.5291|INFO|Microsoft.AspNetCore.Hosting.Internal.WebHost|Request starting HTTP/1.1 GET http://localhost:44327/Account/ExternalloginCallback  
2020-06-10 10:42:20.5291|INFO|Microsoft.AspNetCore.Mvc.Internal.ControllerActionInvoker|Route matched with {action = "ExternalLoginCallback", controller = "Account"}. Executing controller action with signature System.Threading.Tasks.Task`1[Microsoft.AspNetCore.Mvc.IActionResult] ExternalLoginCallback(System.String, System.String) on controller EmployeeManagement.Controllers.AccountController (EmployeeManagement).
2020-06-10 10:42:20.5291|INFO|Microsoft.AspNetCore.Mvc.Internal.ControllerActionInvoker|Executing action method EmployeeManagement.Controllers.AccountController.ExternalLoginCallback (EmployeeManagement) - Validation state: Valid
2020-06-10 10:42:20.6521|INFO|Microsoft.EntityFrameworkCore.Database.Command|Executed DbCommand (18ms) [Parameters=[@__loginProvider_0='?' (Size = 450), @__providerKey_1='?' (Size = 450)], CommandType='Text', CommandTimeout='30']
SELECT TOP(2) [userLogin].[LoginProvider], [userLogin].[ProviderKey], [userLogin].[ProviderDisplayName], [userLogin].[UserId]
FROM [AspNetUserLogins] AS [userLogin]
WHERE ([userLogin].[LoginProvider] = @__loginProvider_0) AND ([userLogin].[ProviderKey] = @__providerKey_1)
2020-06-10 10:42:20.7341|INFO|Microsoft.EntityFrameworkCore.Database.Command|Executed DbCommand (10ms) [Parameters=[@__normalizedEmail_0='?' (Size = 256)], CommandType='Text', CommandTimeout='30']
SELECT TOP(1) [u].[Id], [u].[AccessFailedCount], [u].[City], [u].[ConcurrencyStamp], [u].[Email], [u].[EmailConfirmed], [u].[LockoutEnabled], [u].[LockoutEnd], [u].[NormalizedEmail], [u].[NormalizedUserName], [u].[PasswordHash], [u].[PhoneNumber], [u].[PhoneNumberConfirmed], [u].[SecurityStamp], [u].[TwoFactorEnabled], [u].[UserName]
FROM [AspNetUsers] AS [u]
WHERE [u].[NormalizedEmail] = @__normalizedEmail_0
2020-06-10 10:42:20.7751|INFO|Microsoft.EntityFrameworkCore.Database.Command|Executed DbCommand (3ms) [Parameters=[@__normalizedUserName_0='?' (Size = 256)], CommandType='Text', CommandTimeout='30']
SELECT TOP(1) [u].[Id], [u].[AccessFailedCount], [u].[City], [u].[ConcurrencyStamp], [u].[Email], [u].[EmailConfirmed], [u].[LockoutEnabled], [u].[LockoutEnd], [u].[NormalizedEmail], [u].[NormalizedUserName], [u].[PasswordHash], [u].[PhoneNumber], [u].[PhoneNumberConfirmed], [u].[SecurityStamp], [u].[TwoFactorEnabled], [u].[UserName]
FROM [AspNetUsers] AS [u]
WHERE [u].[NormalizedUserName] = @__normalizedUserName_0
2020-06-10 10:42:20.9291|INFO|Microsoft.EntityFrameworkCore.Database.Command|Executed DbCommand (7ms) [Parameters=[@p0='?' (Size = 450), @p1='?' (DbType = Int32), @p2='?' (Size = 4000), @p3='?' (Size = 4000), @p4='?' (Size = 256), @p5='?' (DbType = Boolean), @p6='?' (DbType = Boolean), @p7='?' (DbType = DateTimeOffset), @p8='?' (Size = 256), @p9='?' (Size = 256), @p10='?' (Size = 4000), @p11='?' (Size = 4000), @p12='?' (DbType = Boolean), @p13='?' (Size = 4000), @p14='?' (DbType = Boolean), @p15='?' (Size = 256)], CommandType='Text', CommandTimeout='30']
SET NOCOUNT ON;
INSERT INTO [AspNetUsers] ([Id], [AccessFailedCount], [City], [ConcurrencyStamp], [Email], [EmailConfirmed], [LockoutEnabled], [LockoutEnd], [NormalizedEmail], [NormalizedUserName], [PasswordHash], [PhoneNumber], [PhoneNumberConfirmed], [SecurityStamp], [TwoFactorEnabled], [UserName])
VALUES (@p0, @p1, @p2, @p3, @p4, @p5, @p6, @p7, @p8, @p9, @p10, @p11, @p12, @p13, @p14, @p15);
2020-06-10 10:42:20.9621|INFO|Microsoft.EntityFrameworkCore.Database.Command|Executed DbCommand (1ms) [Parameters=[@__loginProvider_0='?' (Size = 450), @__providerKey_1='?' (Size = 450)], CommandType='Text', CommandTimeout='30']
SELECT TOP(2) [userLogin].[LoginProvider], [userLogin].[ProviderKey], [userLogin].[ProviderDisplayName], [userLogin].[UserId]
FROM [AspNetUserLogins] AS [userLogin]
WHERE ([userLogin].[LoginProvider] = @__loginProvider_0) AND ([userLogin].[ProviderKey] = @__providerKey_1)
2020-06-10 10:42:20.9821|INFO|Microsoft.EntityFrameworkCore.Database.Command|Executed DbCommand (1ms) [Parameters=[@__normalizedUserName_0='?' (Size = 256)], CommandType='Text', CommandTimeout='30']
SELECT TOP(1) [u].[Id], [u].[AccessFailedCount], [u].[City], [u].[ConcurrencyStamp], [u].[Email], [u].[EmailConfirmed], [u].[LockoutEnabled], [u].[LockoutEnd], [u].[NormalizedEmail], [u].[NormalizedUserName], [u].[PasswordHash], [u].[PhoneNumber], [u].[PhoneNumberConfirmed], [u].[SecurityStamp], [u].[TwoFactorEnabled], [u].[UserName]
FROM [AspNetUsers] AS [u]
WHERE [u].[NormalizedUserName] = @__normalizedUserName_0
2020-06-10 10:42:21.0001|INFO|Microsoft.EntityFrameworkCore.Database.Command|Executed DbCommand (4ms) [Parameters=[@p0='?' (Size = 450), @p1='?' (Size = 450), @p2='?' (Size = 4000), @p3='?' (Size = 450)], CommandType='Text', CommandTimeout='30']
SET NOCOUNT ON;
INSERT INTO [AspNetUserLogins] ([LoginProvider], [ProviderKey], [ProviderDisplayName], [UserId])
VALUES (@p0, @p1, @p2, @p3);
2020-06-10 10:42:21.0001|INFO|Microsoft.EntityFrameworkCore.Database.Command|Executed DbCommand (7ms) [Parameters=[@p15='?' (Size = 450), @p0='?' (DbType = Int32), @p1='?' (Size = 4000), @p2='?' (Size = 4000), @p16='?' (Size = 4000), @p3='?' (Size = 256), @p4='?' (DbType = Boolean), @p5='?' (DbType = Boolean), @p6='?' (DbType = DateTimeOffset), @p7='?' (Size = 256), @p8='?' (Size = 256), @p9='?' (Size = 4000), @p10='?' (Size = 4000), @p11='?' (DbType = Boolean), @p12='?' (Size = 4000), @p13='?' (DbType = Boolean), @p14='?' (Size = 256)], CommandType='Text', CommandTimeout='30']
SET NOCOUNT ON;
UPDATE [AspNetUsers] SET [AccessFailedCount] = @p0, [City] = @p1, [ConcurrencyStamp] = @p2, [Email] = @p3, [EmailConfirmed] = @p4, [LockoutEnabled] = @p5, [LockoutEnd] = @p6, [NormalizedEmail] = @p7, [NormalizedUserName] = @p8, [PasswordHash] = @p9, [PhoneNumber] = @p10, [PhoneNumberConfirmed] = @p11, [SecurityStamp] = @p12, [TwoFactorEnabled] = @p13, [UserName] = @p14
WHERE [Id] = @p15 AND [ConcurrencyStamp] = @p16;
SELECT @@ROWCOUNT;
2020-06-10 10:42:21.0701|INFO|Microsoft.EntityFrameworkCore.Database.Command|Executed DbCommand (2ms) [Parameters=[@__user_Id_0='?' (Size = 450)], CommandType='Text', CommandTimeout='30']
SELECT [uc].[Id], [uc].[ClaimType], [uc].[ClaimValue], [uc].[UserId]
FROM [AspNetUserClaims] AS [uc]
WHERE [uc].[UserId] = @__user_Id_0
2020-06-10 10:42:21.1431|INFO|Microsoft.EntityFrameworkCore.Database.Command|Executed DbCommand (6ms) [Parameters=[@__userId_0='?' (Size = 450)], CommandType='Text', CommandTimeout='30']
SELECT [role].[Name]
FROM [AspNetUserRoles] AS [userRole]
INNER JOIN [AspNetRoles] AS [role] ON [userRole].[RoleId] = [role].[Id]
WHERE [userRole].[UserId] = @__userId_0
2020-06-10 10:42:21.1542|INFO|Microsoft.AspNetCore.Authentication.Cookies.CookieAuthenticationHandler|AuthenticationScheme: Identity.Application signed in.
2020-06-10 10:42:21.1542|INFO|Microsoft.AspNetCore.Mvc.Internal.ControllerActionInvoker|Executed action method EmployeeManagement.Controllers.AccountController.ExternalLoginCallback (EmployeeManagement), returned result Microsoft.AspNetCore.Mvc.LocalRedirectResult in 623.3841ms.
2020-06-10 10:42:21.1692|INFO|Microsoft.AspNetCore.Mvc.Infrastructure.LocalRedirectResultExecutor|Executing LocalRedirectResult, redirecting to /.
2020-06-10 10:42:21.1692|INFO|Microsoft.AspNetCore.Mvc.Internal.ControllerActionInvoker|Executed action EmployeeManagement.Controllers.AccountController.ExternalLoginCallback (EmployeeManagement) in 637.8139ms
2020-06-10 10:42:21.1692|INFO|Microsoft.AspNetCore.Hosting.Internal.WebHost|Request finished in 647.873ms 302 
2020-06-10 10:42:21.1832|INFO|Microsoft.AspNetCore.Hosting.Internal.WebHost|Request starting HTTP/1.1 GET http://localhost:44327/  
2020-06-10 10:42:21.1832|INFO|Microsoft.AspNetCore.Mvc.Internal.ControllerActionInvoker|Route matched with {action = "Index", controller = "Home"}. Executing controller action with signature Microsoft.AspNetCore.Mvc.ViewResult Index() on controller EmployeeManagement.Controllers.HomeController (EmployeeManagement).
2020-06-10 10:42:21.1832|INFO|Microsoft.AspNetCore.Mvc.Internal.ControllerActionInvoker|Executing action method EmployeeManagement.Controllers.HomeController.Index (EmployeeManagement) - Validation state: Valid
2020-06-10 10:42:21.1832|INFO|Microsoft.AspNetCore.Mvc.Internal.ControllerActionInvoker|Executed action method EmployeeManagement.Controllers.HomeController.Index (EmployeeManagement), returned result Microsoft.AspNetCore.Mvc.ViewResult in 0.564ms.
2020-06-10 10:42:21.1982|INFO|Microsoft.AspNetCore.Mvc.ViewFeatures.ViewResultExecutor|Executing ViewResult, running view Index.
2020-06-10 10:42:21.1982|INFO|Microsoft.EntityFrameworkCore.Database.Command|Executed DbCommand (1ms) [Parameters=[], CommandType='Text', CommandTimeout='30']
SELECT [e].[Id], [e].[Department], [e].[Email], [e].[Name], [e].[PhotoPath]
FROM [Employees] AS [e]
2020-06-10 10:42:21.1982|INFO|Microsoft.AspNetCore.Mvc.ViewFeatures.ViewResultExecutor|Executed ViewResult - view Index executed in 10.009ms.
2020-06-10 10:42:21.1982|INFO|Microsoft.AspNetCore.Mvc.Internal.ControllerActionInvoker|Executed action EmployeeManagement.Controllers.HomeController.Index (EmployeeManagement) in 14.1352ms
2020-06-10 10:42:21.1982|INFO|Microsoft.AspNetCore.Hosting.Internal.WebHost|Request finished in 25.6503ms 200 text/html; charset=utf-8
2020-06-10 10:44:07.7622|INFO|Microsoft.AspNetCore.Hosting.Internal.WebHost|Request starting HTTP/1.1 POST http://localhost:44327/account/logout application/x-www-form-urlencoded 225
2020-06-10 10:44:07.7802|INFO|Microsoft.AspNetCore.Mvc.Internal.ControllerActionInvoker|Route matched with {action = "Logout", controller = "Account"}. Executing controller action with signature System.Threading.Tasks.Task`1[Microsoft.AspNetCore.Mvc.IActionResult] Logout() on controller EmployeeManagement.Controllers.AccountController (EmployeeManagement).
2020-06-10 10:44:07.8283|INFO|Microsoft.AspNetCore.Authorization.DefaultAuthorizationService|Authorization was successful.
2020-06-10 10:44:07.8283|INFO|Microsoft.AspNetCore.Mvc.Internal.ControllerActionInvoker|Executing action method EmployeeManagement.Controllers.AccountController.Logout (EmployeeManagement) - Validation state: Valid
2020-06-10 10:44:07.8283|INFO|Microsoft.AspNetCore.Authentication.Cookies.CookieAuthenticationHandler|AuthenticationScheme: Identity.Application signed out.
2020-06-10 10:44:07.8403|INFO|Microsoft.AspNetCore.Authentication.Cookies.CookieAuthenticationHandler|AuthenticationScheme: Identity.External signed out.
2020-06-10 10:44:07.8403|INFO|Microsoft.AspNetCore.Authentication.Cookies.CookieAuthenticationHandler|AuthenticationScheme: Identity.TwoFactorUserId signed out.
2020-06-10 10:44:07.8403|INFO|Microsoft.AspNetCore.Mvc.Internal.ControllerActionInvoker|Executed action method EmployeeManagement.Controllers.AccountController.Logout (EmployeeManagement), returned result Microsoft.AspNetCore.Mvc.RedirectToActionResult in 11.1811ms.
2020-06-10 10:44:07.8403|INFO|Microsoft.AspNetCore.Mvc.RedirectToActionResult|Executing RedirectResult, redirecting to /.
2020-06-10 10:44:07.8403|INFO|Microsoft.AspNetCore.Mvc.Internal.ControllerActionInvoker|Executed action EmployeeManagement.Controllers.AccountController.Logout (EmployeeManagement) in 61.683ms
2020-06-10 10:44:07.8403|INFO|Microsoft.AspNetCore.Hosting.Internal.WebHost|Request finished in 81.5159ms 302 
2020-06-10 10:44:07.8403|INFO|Microsoft.AspNetCore.Server.Kestrel|Connection id "0HM0CVIPEVPTI", Request id "0HM0CVIPEVPTI:00000001": the application completed without reading the entire request body.
2020-06-10 10:44:07.8403|INFO|Microsoft.AspNetCore.Hosting.Internal.WebHost|Request starting HTTP/1.1 GET http://localhost:44327/  
2020-06-10 10:44:07.8403|INFO|Microsoft.AspNetCore.Mvc.Internal.ControllerActionInvoker|Route matched with {action = "Index", controller = "Home"}. Executing controller action with signature Microsoft.AspNetCore.Mvc.ViewResult Index() on controller EmployeeManagement.Controllers.HomeController (EmployeeManagement).
2020-06-10 10:44:07.8403|INFO|Microsoft.AspNetCore.Mvc.Internal.ControllerActionInvoker|Executing action method EmployeeManagement.Controllers.HomeController.Index (EmployeeManagement) - Validation state: Valid
2020-06-10 10:44:07.8403|INFO|Microsoft.AspNetCore.Mvc.Internal.ControllerActionInvoker|Executed action method EmployeeManagement.Controllers.HomeController.Index (EmployeeManagement), returned result Microsoft.AspNetCore.Mvc.ViewResult in 0.0218ms.
2020-06-10 10:44:07.8403|INFO|Microsoft.AspNetCore.Mvc.ViewFeatures.ViewResultExecutor|Executing ViewResult, running view Index.
2020-06-10 10:44:07.8563|INFO|Microsoft.EntityFrameworkCore.Database.Command|Executed DbCommand (1ms) [Parameters=[], CommandType='Text', CommandTimeout='30']
SELECT [e].[Id], [e].[Department], [e].[Email], [e].[Name], [e].[PhotoPath]
FROM [Employees] AS [e]
2020-06-10 10:44:07.8563|INFO|Microsoft.AspNetCore.Mvc.ViewFeatures.ViewResultExecutor|Executed ViewResult - view Index executed in 4.6337ms.
2020-06-10 10:44:07.8563|INFO|Microsoft.AspNetCore.Mvc.Internal.ControllerActionInvoker|Executed action EmployeeManagement.Controllers.HomeController.Index (EmployeeManagement) in 6.0765ms
2020-06-10 10:44:07.8563|INFO|Microsoft.AspNetCore.Hosting.Internal.WebHost|Request finished in 7.9119ms 200 text/html; charset=utf-8
