2020-06-12 08:01:08.9912|INFO|Microsoft.AspNetCore.DataProtection.KeyManagement.XmlKeyManager|User profile is available. Using 'C:\Users\Pariksheet\AppData\Local\ASP.NET\DataProtection-Keys' as key repository and Windows DPAPI to encrypt keys at rest.
2020-06-12 08:01:09.7483|INFO|Microsoft.AspNetCore.Hosting.Internal.WebHost|Request starting HTTP/1.1 DEBUG http://localhost:49266/  0
2020-06-12 08:01:09.7483|INFO|Microsoft.AspNetCore.Hosting.Internal.WebHost|Request starting HTTP/1.1 GET http://localhost:44327/  
2020-06-12 08:01:09.8213|INFO|Microsoft.AspNetCore.Hosting.Internal.WebHost|Request finished in 71.1244ms 200 
2020-06-12 08:01:10.1533|INFO|Microsoft.AspNetCore.Mvc.Internal.ControllerActionInvoker|Route matched with {action = "Index", controller = "Home"}. Executing controller action with signature Microsoft.AspNetCore.Mvc.ViewResult Index() on controller EmployeeManagement.Controllers.HomeController (EmployeeManagement).
2020-06-12 08:01:10.5843|INFO|Microsoft.AspNetCore.Mvc.Internal.ControllerActionInvoker|Executing action method EmployeeManagement.Controllers.HomeController.Index (EmployeeManagement) - Validation state: Valid
2020-06-12 08:01:10.5943|INFO|Microsoft.AspNetCore.Mvc.Internal.ControllerActionInvoker|Executed action method EmployeeManagement.Controllers.HomeController.Index (EmployeeManagement), returned result Microsoft.AspNetCore.Mvc.ViewResult in 2.0479ms.
2020-06-12 08:01:10.6523|INFO|Microsoft.AspNetCore.Mvc.ViewFeatures.ViewResultExecutor|Executing ViewResult, running view Index.
2020-06-12 08:01:11.3864|INFO|Microsoft.EntityFrameworkCore.Infrastructure|Entity Framework Core 2.2.6-servicing-10079 initialized 'AppDbContext' using provider 'Microsoft.EntityFrameworkCore.SqlServer' with options: MaxPoolSize=128 
2020-06-12 08:01:13.3045|INFO|Microsoft.EntityFrameworkCore.Database.Command|Executed DbCommand (15ms) [Parameters=[], CommandType='Text', CommandTimeout='30']
SELECT [e].[Id], [e].[Department], [e].[Email], [e].[Name], [e].[PhotoPath]
FROM [Employees] AS [e]
2020-06-12 08:01:13.5305|INFO|Microsoft.AspNetCore.Mvc.ViewFeatures.ViewResultExecutor|Executed ViewResult - view Index executed in 2917.1272ms.
2020-06-12 08:01:13.5305|INFO|Microsoft.AspNetCore.Mvc.Internal.ControllerActionInvoker|Executed action EmployeeManagement.Controllers.HomeController.Index (EmployeeManagement) in 3378.1111ms
2020-06-12 08:01:13.5515|INFO|Microsoft.AspNetCore.Hosting.Internal.WebHost|Request finished in 3804.7023ms 200 text/html; charset=utf-8
2020-06-12 08:01:13.5925|INFO|Microsoft.AspNetCore.Hosting.Internal.WebHost|Request starting HTTP/1.1 GET http://localhost:44327/css/site.css  
2020-06-12 08:01:13.6095|INFO|Microsoft.AspNetCore.StaticFiles.StaticFileMiddleware|The file /css/site.css was not modified
2020-06-12 08:01:13.6095|INFO|Microsoft.AspNetCore.Hosting.Internal.WebHost|Request finished in 22.7503ms 304 text/css
2020-06-12 08:01:13.7145|INFO|Microsoft.AspNetCore.Hosting.Internal.WebHost|Request starting HTTP/1.1 GET http://localhost:44327/images/bcc0e744-7ae2-438d-a455-2e6bd4c12edc_female1.jpg?v=uSOEEbDkwY_z8PBscitiCCJmcROLzKdOEWuTsopu5zU  
2020-06-12 08:01:13.7145|INFO|Microsoft.AspNetCore.StaticFiles.StaticFileMiddleware|The file /images/bcc0e744-7ae2-438d-a455-2e6bd4c12edc_female1.jpg was not modified
2020-06-12 08:01:13.7145|INFO|Microsoft.AspNetCore.Hosting.Internal.WebHost|Request finished in 2.6247ms 304 image/jpeg
2020-06-12 08:01:13.7335|INFO|Microsoft.AspNetCore.Hosting.Internal.WebHost|Request starting HTTP/1.1 GET http://localhost:44327/images/d3939898-79d0-4913-937c-3635951bbfa2_male4.png?v=XQvIjmWD-AQbQ5SQp57heC8ekqtK6aMU-plNTxfvhVQ  
2020-06-12 08:01:13.7335|INFO|Microsoft.AspNetCore.Hosting.Internal.WebHost|Request starting HTTP/1.1 GET http://localhost:44327/images/c4941fa8-232b-4819-af5e-811c87eea829_male3.jpg?v=_kjbAoqf5Kblrb6lDW5Y2jhOZMWd_dAmmcrLVQ3Zt8k  
2020-06-12 08:01:13.7335|INFO|Microsoft.AspNetCore.StaticFiles.StaticFileMiddleware|The file /images/c4941fa8-232b-4819-af5e-811c87eea829_male3.jpg was not modified
2020-06-12 08:01:13.7335|INFO|Microsoft.AspNetCore.Hosting.Internal.WebHost|Request finished in 3.1323ms 304 image/jpeg
2020-06-12 08:01:13.7335|INFO|Microsoft.AspNetCore.StaticFiles.StaticFileMiddleware|The file /images/d3939898-79d0-4913-937c-3635951bbfa2_male4.png was not modified
2020-06-12 08:01:13.7335|INFO|Microsoft.AspNetCore.Hosting.Internal.WebHost|Request finished in 5.7045ms 304 image/png
2020-06-12 08:01:13.7445|INFO|Microsoft.AspNetCore.Hosting.Internal.WebHost|Request starting HTTP/1.1 GET http://localhost:44327/images/7dc05e53-33e7-4732-a053-9442ba8149ec_female2.jpg?v=6A-gxw7ior-6Rl6m2Sp5RuRlTRjykhwA-QqcSwfg-Rs  
2020-06-12 08:01:13.7445|INFO|Microsoft.AspNetCore.StaticFiles.StaticFileMiddleware|The file /images/7dc05e53-33e7-4732-a053-9442ba8149ec_female2.jpg was not modified
2020-06-12 08:01:13.7445|INFO|Microsoft.AspNetCore.Hosting.Internal.WebHost|Request finished in 4.9151ms 304 image/jpeg
2020-06-12 08:01:13.7445|INFO|Microsoft.AspNetCore.Hosting.Internal.WebHost|Request starting HTTP/1.1 GET http://localhost:44327/images/a8e15046-676e-408c-89a5-37cdc45d9a5d_male2.jpg?v=k9eT6FEBzNcFGN9GIjevj9xH6fCKY-TlOTyzRrL3sXk  
2020-06-12 08:01:13.7445|INFO|Microsoft.AspNetCore.StaticFiles.StaticFileMiddleware|The file /images/a8e15046-676e-408c-89a5-37cdc45d9a5d_male2.jpg was not modified
2020-06-12 08:01:13.7445|INFO|Microsoft.AspNetCore.Hosting.Internal.WebHost|Request finished in 5.0772ms 304 image/jpeg
2020-06-12 08:01:13.7445|INFO|Microsoft.AspNetCore.Hosting.Internal.WebHost|Request starting HTTP/1.1 GET http://localhost:44327/images/3235e050-72ba-4115-8e7d-f5171a82a27a_female3.jpg?v=-Q-iOrIj5iYsQPMP_k4_sKsjU18sBKk0OkKtUaUoL68  
2020-06-12 08:01:13.7575|INFO|Microsoft.AspNetCore.Hosting.Internal.WebHost|Request starting HTTP/1.1 GET http://localhost:44327/images/2cecd4d3-1a4c-48a9-a23e-50d338673e9c_male1.jpg?v=wJ6DjKdgS_p7uetzm_2hat1TaUmedl96faZvC7XVu4Y  
2020-06-12 08:01:13.7575|INFO|Microsoft.AspNetCore.StaticFiles.StaticFileMiddleware|The file /images/3235e050-72ba-4115-8e7d-f5171a82a27a_female3.jpg was not modified
2020-06-12 08:01:13.7575|INFO|Microsoft.AspNetCore.Hosting.Internal.WebHost|Request starting HTTP/1.1 GET http://localhost:44327/images/cdab3869-95c1-4880-a06d-4414c851e92d_male3.jpg?v=_kjbAoqf5Kblrb6lDW5Y2jhOZMWd_dAmmcrLVQ3Zt8k  
2020-06-12 08:01:13.7575|INFO|Microsoft.AspNetCore.StaticFiles.StaticFileMiddleware|The file /images/cdab3869-95c1-4880-a06d-4414c851e92d_male3.jpg was not modified
2020-06-12 08:01:13.7575|INFO|Microsoft.AspNetCore.Hosting.Internal.WebHost|Request finished in 3.5942ms 304 image/jpeg
2020-06-12 08:01:13.7575|INFO|Microsoft.AspNetCore.Hosting.Internal.WebHost|Request finished in 2.833ms 304 image/jpeg
2020-06-12 08:01:13.7575|INFO|Microsoft.AspNetCore.Hosting.Internal.WebHost|Request starting HTTP/1.1 GET http://localhost:44327/images/c5724856-5a43-4101-89c0-99830d0ea44f_male4.png?v=XQvIjmWD-AQbQ5SQp57heC8ekqtK6aMU-plNTxfvhVQ  
2020-06-12 08:01:13.7575|INFO|Microsoft.AspNetCore.StaticFiles.StaticFileMiddleware|The file /images/2cecd4d3-1a4c-48a9-a23e-50d338673e9c_male1.jpg was not modified
2020-06-12 08:01:13.7575|INFO|Microsoft.AspNetCore.Hosting.Internal.WebHost|Request finished in 12.9764ms 304 image/jpeg
2020-06-12 08:01:13.7575|INFO|Microsoft.AspNetCore.StaticFiles.StaticFileMiddleware|The file /images/c5724856-5a43-4101-89c0-99830d0ea44f_male4.png was not modified
2020-06-12 08:01:13.7575|INFO|Microsoft.AspNetCore.Hosting.Internal.WebHost|Request finished in 13.7526ms 304 image/png
2020-06-12 08:01:14.0135|INFO|Microsoft.AspNetCore.Hosting.Internal.WebHost|Request starting HTTP/1.1 GET http://localhost:44327/favicon.ico  
2020-06-12 08:01:14.0135|INFO|Microsoft.AspNetCore.Hosting.Internal.WebHost|Request finished in 4.3383ms 404 
2020-06-12 08:01:16.4707|INFO|Microsoft.AspNetCore.Hosting.Internal.WebHost|Request starting HTTP/1.1 GET http://localhost:44327/account/login  
2020-06-12 08:01:16.5117|INFO|Microsoft.AspNetCore.Mvc.Internal.ControllerActionInvoker|Route matched with {action = "Login", controller = "Account"}. Executing controller action with signature System.Threading.Tasks.Task`1[Microsoft.AspNetCore.Mvc.IActionResult] Login(System.String) on controller EmployeeManagement.Controllers.AccountController (EmployeeManagement).
2020-06-12 08:01:16.5297|INFO|Microsoft.AspNetCore.Mvc.Internal.ControllerActionInvoker|Executing action method EmployeeManagement.Controllers.AccountController.Login (EmployeeManagement) - Validation state: Valid
2020-06-12 08:01:16.5357|INFO|Microsoft.AspNetCore.Mvc.Internal.ControllerActionInvoker|Executed action method EmployeeManagement.Controllers.AccountController.Login (EmployeeManagement), returned result Microsoft.AspNetCore.Mvc.ViewResult in 5.7281ms.
2020-06-12 08:01:16.5357|INFO|Microsoft.AspNetCore.Mvc.ViewFeatures.ViewResultExecutor|Executing ViewResult, running view Login.
2020-06-12 08:01:16.6207|INFO|Microsoft.AspNetCore.Mvc.ViewFeatures.ViewResultExecutor|Executed ViewResult - view Login executed in 83.8823ms.
2020-06-12 08:01:16.6207|INFO|Microsoft.AspNetCore.Mvc.Internal.ControllerActionInvoker|Executed action EmployeeManagement.Controllers.AccountController.Login (EmployeeManagement) in 108.0768ms
2020-06-12 08:01:16.6207|INFO|Microsoft.AspNetCore.Hosting.Internal.WebHost|Request finished in 151.4993ms 200 text/html; charset=utf-8
2020-06-12 08:01:33.3004|INFO|Microsoft.AspNetCore.Hosting.Internal.WebHost|Request starting HTTP/1.1 POST http://localhost:44327/account/login application/x-www-form-urlencoded 246
2020-06-12 08:01:33.3154|INFO|Microsoft.AspNetCore.Mvc.Internal.ControllerActionInvoker|Route matched with {action = "Login", controller = "Account"}. Executing controller action with signature System.Threading.Tasks.Task`1[Microsoft.AspNetCore.Mvc.IActionResult] Login(EmployeeManagement.ViewModels.LoginViewModel, System.String) on controller EmployeeManagement.Controllers.AccountController (EmployeeManagement).
2020-06-12 08:01:33.3624|INFO|Microsoft.AspNetCore.Mvc.Internal.ControllerActionInvoker|Executing action method EmployeeManagement.Controllers.AccountController.Login (EmployeeManagement) - Validation state: Valid
2020-06-12 08:01:33.4674|INFO|Microsoft.EntityFrameworkCore.Database.Command|Executed DbCommand (20ms) [Parameters=[@__normalizedEmail_0='?' (Size = 256)], CommandType='Text', CommandTimeout='30']
SELECT TOP(1) [u].[Id], [u].[AccessFailedCount], [u].[City], [u].[ConcurrencyStamp], [u].[Email], [u].[EmailConfirmed], [u].[LockoutEnabled], [u].[LockoutEnd], [u].[NormalizedEmail], [u].[NormalizedUserName], [u].[PasswordHash], [u].[PhoneNumber], [u].[PhoneNumberConfirmed], [u].[SecurityStamp], [u].[TwoFactorEnabled], [u].[UserName]
FROM [AspNetUsers] AS [u]
WHERE [u].[NormalizedEmail] = @__normalizedEmail_0
2020-06-12 08:01:33.5314|INFO|Microsoft.AspNetCore.Mvc.Internal.ControllerActionInvoker|Executed action method EmployeeManagement.Controllers.AccountController.Login (EmployeeManagement), returned result Microsoft.AspNetCore.Mvc.ViewResult in 167.7471ms.
2020-06-12 08:01:33.5384|INFO|Microsoft.AspNetCore.Mvc.ViewFeatures.ViewResultExecutor|Executing ViewResult, running view Login.
2020-06-12 08:01:33.5384|INFO|Microsoft.AspNetCore.Mvc.ViewFeatures.ViewResultExecutor|Executed ViewResult - view Login executed in 5.371ms.
2020-06-12 08:01:33.5384|INFO|Microsoft.AspNetCore.Mvc.Internal.ControllerActionInvoker|Executed action EmployeeManagement.Controllers.AccountController.Login (EmployeeManagement) in 233.7836ms
2020-06-12 08:01:33.5584|INFO|Microsoft.AspNetCore.Hosting.Internal.WebHost|Request finished in 258.0965ms 200 text/html; charset=utf-8
2020-06-12 08:08:03.8278|INFO|Microsoft.AspNetCore.DataProtection.KeyManagement.XmlKeyManager|User profile is available. Using 'C:\Users\Pariksheet\AppData\Local\ASP.NET\DataProtection-Keys' as key repository and Windows DPAPI to encrypt keys at rest.
2020-06-12 08:08:04.4088|INFO|Microsoft.AspNetCore.Hosting.Internal.WebHost|Request starting HTTP/1.1 GET http://localhost:44327/  
2020-06-12 08:08:04.4088|INFO|Microsoft.AspNetCore.Hosting.Internal.WebHost|Request starting HTTP/1.1 DEBUG http://localhost:49266/  0
2020-06-12 08:08:04.4668|INFO|Microsoft.AspNetCore.Hosting.Internal.WebHost|Request finished in 57.0314ms 200 
2020-06-12 08:08:04.7318|INFO|Microsoft.AspNetCore.Mvc.Internal.ControllerActionInvoker|Route matched with {action = "Index", controller = "Home"}. Executing controller action with signature Microsoft.AspNetCore.Mvc.ViewResult Index() on controller EmployeeManagement.Controllers.HomeController (EmployeeManagement).
2020-06-12 08:08:05.0539|INFO|Microsoft.AspNetCore.Mvc.Internal.ControllerActionInvoker|Executing action method EmployeeManagement.Controllers.HomeController.Index (EmployeeManagement) - Validation state: Valid
2020-06-12 08:08:05.0539|INFO|Microsoft.AspNetCore.Mvc.Internal.ControllerActionInvoker|Executed action method EmployeeManagement.Controllers.HomeController.Index (EmployeeManagement), returned result Microsoft.AspNetCore.Mvc.ViewResult in 1.3974ms.
2020-06-12 08:08:05.0939|INFO|Microsoft.AspNetCore.Mvc.ViewFeatures.ViewResultExecutor|Executing ViewResult, running view Index.
2020-06-12 08:08:05.5259|INFO|Microsoft.EntityFrameworkCore.Infrastructure|Entity Framework Core 2.2.6-servicing-10079 initialized 'AppDbContext' using provider 'Microsoft.EntityFrameworkCore.SqlServer' with options: MaxPoolSize=128 
2020-06-12 08:08:06.5689|INFO|Microsoft.EntityFrameworkCore.Database.Command|Executed DbCommand (10ms) [Parameters=[], CommandType='Text', CommandTimeout='30']
SELECT [e].[Id], [e].[Department], [e].[Email], [e].[Name], [e].[PhotoPath]
FROM [Employees] AS [e]
2020-06-12 08:08:06.7450|INFO|Microsoft.AspNetCore.Mvc.ViewFeatures.ViewResultExecutor|Executed ViewResult - view Index executed in 1673.0724ms.
2020-06-12 08:08:06.7450|INFO|Microsoft.AspNetCore.Mvc.Internal.ControllerActionInvoker|Executed action EmployeeManagement.Controllers.HomeController.Index (EmployeeManagement) in 2012.7707ms
2020-06-12 08:08:06.7590|INFO|Microsoft.AspNetCore.Hosting.Internal.WebHost|Request finished in 2351.8545ms 200 text/html; charset=utf-8
2020-06-12 08:08:09.3013|INFO|Microsoft.AspNetCore.Hosting.Internal.WebHost|Request starting HTTP/1.1 GET http://localhost:44327/account/login  
2020-06-12 08:08:09.3399|INFO|Microsoft.AspNetCore.Mvc.Internal.ControllerActionInvoker|Route matched with {action = "Login", controller = "Account"}. Executing controller action with signature System.Threading.Tasks.Task`1[Microsoft.AspNetCore.Mvc.IActionResult] Login(System.String) on controller EmployeeManagement.Controllers.AccountController (EmployeeManagement).
2020-06-12 08:08:09.3579|INFO|Microsoft.AspNetCore.Mvc.Internal.ControllerActionInvoker|Executing action method EmployeeManagement.Controllers.AccountController.Login (EmployeeManagement) - Validation state: Valid
2020-06-12 08:08:09.3649|INFO|Microsoft.AspNetCore.Mvc.Internal.ControllerActionInvoker|Executed action method EmployeeManagement.Controllers.AccountController.Login (EmployeeManagement), returned result Microsoft.AspNetCore.Mvc.ViewResult in 6.2361ms.
2020-06-12 08:08:09.3649|INFO|Microsoft.AspNetCore.Mvc.ViewFeatures.ViewResultExecutor|Executing ViewResult, running view Login.
2020-06-12 08:08:09.4469|INFO|Microsoft.AspNetCore.Mvc.ViewFeatures.ViewResultExecutor|Executed ViewResult - view Login executed in 81.4448ms.
2020-06-12 08:08:09.4469|INFO|Microsoft.AspNetCore.Mvc.Internal.ControllerActionInvoker|Executed action EmployeeManagement.Controllers.AccountController.Login (EmployeeManagement) in 107.0359ms
2020-06-12 08:08:09.4469|INFO|Microsoft.AspNetCore.Hosting.Internal.WebHost|Request finished in 137.9207ms 200 text/html; charset=utf-8
2020-06-12 08:08:10.4419|INFO|Microsoft.AspNetCore.Hosting.Internal.WebHost|Request starting HTTP/1.1 POST http://localhost:44327/account/externallogin application/x-www-form-urlencoded 200
2020-06-12 08:08:10.4419|INFO|Microsoft.AspNetCore.Mvc.Internal.ControllerActionInvoker|Route matched with {action = "ExternalLogin", controller = "Account"}. Executing controller action with signature Microsoft.AspNetCore.Mvc.IActionResult ExternalLogin(System.String, System.String) on controller EmployeeManagement.Controllers.AccountController (EmployeeManagement).
2020-06-12 08:08:10.4879|INFO|Microsoft.AspNetCore.Mvc.Internal.ControllerActionInvoker|Executing action method EmployeeManagement.Controllers.AccountController.ExternalLogin (EmployeeManagement) - Validation state: Valid
2020-06-12 08:08:13.1611|INFO|Microsoft.AspNetCore.Mvc.Internal.ControllerActionInvoker|Executed action method EmployeeManagement.Controllers.AccountController.ExternalLogin (EmployeeManagement), returned result Microsoft.AspNetCore.Mvc.ChallengeResult in 2672.0623ms.
2020-06-12 08:08:13.1611|INFO|Microsoft.AspNetCore.Mvc.ChallengeResult|Executing ChallengeResult with authentication schemes (Facebook).
2020-06-12 08:08:13.1831|INFO|Microsoft.AspNetCore.Authentication.Facebook.FacebookHandler|AuthenticationScheme: Facebook was challenged.
2020-06-12 08:08:13.1831|INFO|Microsoft.AspNetCore.Mvc.Internal.ControllerActionInvoker|Executed action EmployeeManagement.Controllers.AccountController.ExternalLogin (EmployeeManagement) in 2733.3486ms
2020-06-12 08:08:13.1831|INFO|Microsoft.AspNetCore.Hosting.Internal.WebHost|Request finished in 2742.5312ms 302 
2020-06-12 08:08:13.9311|INFO|Microsoft.AspNetCore.Hosting.Internal.WebHost|Request starting HTTP/1.1 GET http://localhost:44327/signin-facebook?code=AQD6Xms7ZEslclPGpeSwCBPw47mGnlZmp_CcHnjM11ln244B6Evf7HHzd3D2hhUDiPyOLBlFvEvVHlKRXm38m0mLIu0gE6akczWMUsfavYwjNb2FFfO8ipbv9Qn9IOp7EHlE3muYxGpPzsyWWCOsokZR7bh4Hh8Hporx8i3INB9RBEaXCHnqTEArUG-O7vl0YMvB-ujKVkuydWBfTJcDjQlMKbVSGp_gzTpVXkTiWQ9J2bEIKsalfKlPaN6M_wc4uTQj58EkqCV_sTNIGj2MrwHfjbHmoCELDDDUsSoNNaenXZt3RqPe6DWsg9VNmTH87A29TCInxT-41TXS2IDu32tOLO1RCsYSywXb4e8ERi3XHw&state=CfDJ8OppLAnSpZBBnOns_WVxN4KfvRH8denplOiRSR46xm3byFb3V5kD71oDtqHSORE7DMbtb2RRPj4KaxTVDsaEf333vgb1W6GMdcQQQ2rKOeImybaGYXHEx3XVfPmd79V9UTdibZwhfO39aFqNBpHXo9sGCJmGcC043Ya4JMit9papsyznEoGBaqIOntqba3I2eo8P59lgzrnCQTqWg1OgOz4_5A30hl1X07df9ju7TZ0C5Moa7zsdg_JNRpJ4gcMFCSRToaKsrm2jrLGoHaR_Li4  
2020-06-12 08:08:15.4872|INFO|Microsoft.AspNetCore.Authentication.Cookies.CookieAuthenticationHandler|AuthenticationScheme: Identity.External signed in.
2020-06-12 08:08:15.4992|INFO|Microsoft.AspNetCore.Hosting.Internal.WebHost|Request finished in 1568.4568ms 302 
2020-06-12 08:08:15.5112|INFO|Microsoft.AspNetCore.Hosting.Internal.WebHost|Request starting HTTP/1.1 GET http://localhost:44327/Account/ExternalloginCallback  
2020-06-12 08:08:15.5112|INFO|Microsoft.AspNetCore.Mvc.Internal.ControllerActionInvoker|Route matched with {action = "ExternalLoginCallback", controller = "Account"}. Executing controller action with signature System.Threading.Tasks.Task`1[Microsoft.AspNetCore.Mvc.IActionResult] ExternalLoginCallback(System.String, System.String) on controller EmployeeManagement.Controllers.AccountController (EmployeeManagement).
2020-06-12 08:08:15.5112|INFO|Microsoft.AspNetCore.Mvc.Internal.ControllerActionInvoker|Executing action method EmployeeManagement.Controllers.AccountController.ExternalLoginCallback (EmployeeManagement) - Validation state: Valid
2020-06-12 08:08:16.7513|INFO|Microsoft.EntityFrameworkCore.Database.Command|Executed DbCommand (21ms) [Parameters=[@__normalizedEmail_0='?' (Size = 256)], CommandType='Text', CommandTimeout='30']
SELECT TOP(1) [u].[Id], [u].[AccessFailedCount], [u].[City], [u].[ConcurrencyStamp], [u].[Email], [u].[EmailConfirmed], [u].[LockoutEnabled], [u].[LockoutEnd], [u].[NormalizedEmail], [u].[NormalizedUserName], [u].[PasswordHash], [u].[PhoneNumber], [u].[PhoneNumberConfirmed], [u].[SecurityStamp], [u].[TwoFactorEnabled], [u].[UserName]
FROM [AspNetUsers] AS [u]
WHERE [u].[NormalizedEmail] = @__normalizedEmail_0
2020-06-12 08:08:16.8153|INFO|Microsoft.AspNetCore.Mvc.Internal.ControllerActionInvoker|Executed action method EmployeeManagement.Controllers.AccountController.ExternalLoginCallback (EmployeeManagement), returned result Microsoft.AspNetCore.Mvc.ViewResult in 1293.7746ms.
2020-06-12 08:08:16.8233|INFO|Microsoft.AspNetCore.Mvc.ViewFeatures.ViewResultExecutor|Executing ViewResult, running view login.
2020-06-12 08:08:16.8233|INFO|Microsoft.AspNetCore.Mvc.ViewFeatures.ViewResultExecutor|Executed ViewResult - view login executed in 5.5668ms.
2020-06-12 08:08:16.8313|INFO|Microsoft.AspNetCore.Mvc.Internal.ControllerActionInvoker|Executed action EmployeeManagement.Controllers.AccountController.ExternalLoginCallback (EmployeeManagement) in 1310.9098ms
2020-06-12 08:08:16.8313|INFO|Microsoft.AspNetCore.Hosting.Internal.WebHost|Request finished in 1322.3074ms 200 text/html; charset=utf-8
2020-06-12 08:08:24.8119|INFO|Microsoft.AspNetCore.Hosting.Internal.WebHost|Request starting HTTP/1.1 POST http://localhost:44327/Account/externallogin?returnUrl=%2F application/x-www-form-urlencoded 198
2020-06-12 08:08:24.8119|INFO|Microsoft.AspNetCore.Mvc.Internal.ControllerActionInvoker|Route matched with {action = "ExternalLogin", controller = "Account"}. Executing controller action with signature Microsoft.AspNetCore.Mvc.IActionResult ExternalLogin(System.String, System.String) on controller EmployeeManagement.Controllers.AccountController (EmployeeManagement).
2020-06-12 08:08:24.8119|INFO|Microsoft.AspNetCore.Mvc.Internal.ControllerActionInvoker|Executing action method EmployeeManagement.Controllers.AccountController.ExternalLogin (EmployeeManagement) - Validation state: Valid
2020-06-12 08:08:26.9718|INFO|Microsoft.AspNetCore.Mvc.Internal.ControllerActionInvoker|Executed action method EmployeeManagement.Controllers.AccountController.ExternalLogin (EmployeeManagement), returned result Microsoft.AspNetCore.Mvc.ChallengeResult in 2153.4108ms.
2020-06-12 08:08:26.9718|INFO|Microsoft.AspNetCore.Mvc.ChallengeResult|Executing ChallengeResult with authentication schemes (Google).
2020-06-12 08:08:26.9718|INFO|Microsoft.AspNetCore.Authentication.Google.GoogleHandler|AuthenticationScheme: Google was challenged.
2020-06-12 08:08:26.9718|INFO|Microsoft.AspNetCore.Mvc.Internal.ControllerActionInvoker|Executed action EmployeeManagement.Controllers.AccountController.ExternalLogin (EmployeeManagement) in 2166.6028ms
2020-06-12 08:08:26.9718|INFO|Microsoft.AspNetCore.Hosting.Internal.WebHost|Request finished in 2174.85ms 302 
2020-06-12 08:08:33.7306|INFO|Microsoft.AspNetCore.Hosting.Internal.WebHost|Request starting HTTP/1.1 GET http://localhost:44327/signin-google?state=CfDJ8OppLAnSpZBBnOns_WVxN4JkB1BYGBAsGordfKdH42hRTU4WML3u-8Nz_p0hjL05dj289Vk_pSKyvWzmepmZPnsbEy_NfCJzvYyEWLDaprNYjEQzV2kzRnpiqgofDBL1BbkEM5SxgYMkl_Vat2wpUdJS2Bm4NlY4ko22pTBKgxr7jIr6TJ8vS-q-uMj3EmIUxa5-FtKjN_ZYnjEaFi68yayWGZwFZgLl5cF_fAGJ1bjxX02lVwkPAdAp4gY_LMnXBZUfAUBpmORhvlJ4DFtH2yp-VNPdEDv8s3fSjhEhuK78&code=4%2F0wHu7I9OeSHw--STRSPZCYz2wT82jZsTmqwZEXOEy8_H5znvW7plumeo7VSGqMfbzBTdBnG81fM5_eELgdEeMVg&scope=email+profile+openid+https%3A%2F%2Fwww.googleapis.com%2Fauth%2Fuserinfo.profile+https%3A%2F%2Fwww.googleapis.com%2Fauth%2Fuserinfo.email&authuser=1&prompt=consent  
2020-06-12 08:08:34.4956|INFO|Microsoft.AspNetCore.Authentication.Cookies.CookieAuthenticationHandler|AuthenticationScheme: Identity.External signed in.
2020-06-12 08:08:34.4956|INFO|Microsoft.AspNetCore.Hosting.Internal.WebHost|Request finished in 767.433ms 302 
2020-06-12 08:08:34.5166|INFO|Microsoft.AspNetCore.Hosting.Internal.WebHost|Request starting HTTP/1.1 GET http://localhost:44327/Account/ExternalloginCallback?ReturnUrl=%2F  
2020-06-12 08:08:34.5166|INFO|Microsoft.AspNetCore.Mvc.Internal.ControllerActionInvoker|Route matched with {action = "ExternalLoginCallback", controller = "Account"}. Executing controller action with signature System.Threading.Tasks.Task`1[Microsoft.AspNetCore.Mvc.IActionResult] ExternalLoginCallback(System.String, System.String) on controller EmployeeManagement.Controllers.AccountController (EmployeeManagement).
2020-06-12 08:08:34.5166|INFO|Microsoft.AspNetCore.Mvc.Internal.ControllerActionInvoker|Executing action method EmployeeManagement.Controllers.AccountController.ExternalLoginCallback (EmployeeManagement) - Validation state: Valid
2020-06-12 08:08:36.1967|INFO|Microsoft.EntityFrameworkCore.Database.Command|Executed DbCommand (3ms) [Parameters=[@__normalizedEmail_0='?' (Size = 256)], CommandType='Text', CommandTimeout='30']
SELECT TOP(1) [u].[Id], [u].[AccessFailedCount], [u].[City], [u].[ConcurrencyStamp], [u].[Email], [u].[EmailConfirmed], [u].[LockoutEnabled], [u].[LockoutEnd], [u].[NormalizedEmail], [u].[NormalizedUserName], [u].[PasswordHash], [u].[PhoneNumber], [u].[PhoneNumberConfirmed], [u].[SecurityStamp], [u].[TwoFactorEnabled], [u].[UserName]
FROM [AspNetUsers] AS [u]
WHERE [u].[NormalizedEmail] = @__normalizedEmail_0
2020-06-12 08:08:36.1967|INFO|Microsoft.AspNetCore.Mvc.Internal.ControllerActionInvoker|Executed action method EmployeeManagement.Controllers.AccountController.ExternalLoginCallback (EmployeeManagement), returned result Microsoft.AspNetCore.Mvc.ViewResult in 1678.36ms.
2020-06-12 08:08:36.1967|INFO|Microsoft.AspNetCore.Mvc.ViewFeatures.ViewResultExecutor|Executing ViewResult, running view login.
2020-06-12 08:08:36.1967|INFO|Microsoft.AspNetCore.Mvc.ViewFeatures.ViewResultExecutor|Executed ViewResult - view login executed in 5.7353ms.
2020-06-12 08:08:36.1967|INFO|Microsoft.AspNetCore.Mvc.Internal.ControllerActionInvoker|Executed action EmployeeManagement.Controllers.AccountController.ExternalLoginCallback (EmployeeManagement) in 1686.3636ms
2020-06-12 08:08:36.1967|INFO|Microsoft.AspNetCore.Hosting.Internal.WebHost|Request finished in 1689.005ms 200 text/html; charset=utf-8
2020-06-12 08:17:39.7869|INFO|Microsoft.AspNetCore.DataProtection.KeyManagement.XmlKeyManager|User profile is available. Using 'C:\Users\Pariksheet\AppData\Local\ASP.NET\DataProtection-Keys' as key repository and Windows DPAPI to encrypt keys at rest.
2020-06-12 08:17:40.4020|INFO|Microsoft.AspNetCore.Hosting.Internal.WebHost|Request starting HTTP/1.1 GET http://localhost:44327/  
2020-06-12 08:17:40.4020|INFO|Microsoft.AspNetCore.Hosting.Internal.WebHost|Request starting HTTP/1.1 DEBUG http://localhost:49266/  0
2020-06-12 08:17:40.4750|INFO|Microsoft.AspNetCore.Hosting.Internal.WebHost|Request finished in 72.4423ms 200 
2020-06-12 08:17:40.7570|INFO|Microsoft.AspNetCore.Mvc.Internal.ControllerActionInvoker|Route matched with {action = "Index", controller = "Home"}. Executing controller action with signature Microsoft.AspNetCore.Mvc.ViewResult Index() on controller EmployeeManagement.Controllers.HomeController (EmployeeManagement).
2020-06-12 08:17:41.0770|INFO|Microsoft.AspNetCore.Mvc.Internal.ControllerActionInvoker|Executing action method EmployeeManagement.Controllers.HomeController.Index (EmployeeManagement) - Validation state: Valid
2020-06-12 08:17:41.0770|INFO|Microsoft.AspNetCore.Mvc.Internal.ControllerActionInvoker|Executed action method EmployeeManagement.Controllers.HomeController.Index (EmployeeManagement), returned result Microsoft.AspNetCore.Mvc.ViewResult in 1.8041ms.
2020-06-12 08:17:41.1170|INFO|Microsoft.AspNetCore.Mvc.ViewFeatures.ViewResultExecutor|Executing ViewResult, running view Index.
2020-06-12 08:17:41.5540|INFO|Microsoft.EntityFrameworkCore.Infrastructure|Entity Framework Core 2.2.6-servicing-10079 initialized 'AppDbContext' using provider 'Microsoft.EntityFrameworkCore.SqlServer' with options: MaxPoolSize=128 
2020-06-12 08:17:41.8271|INFO|Microsoft.EntityFrameworkCore.Database.Command|Executed DbCommand (12ms) [Parameters=[], CommandType='Text', CommandTimeout='30']
SELECT [e].[Id], [e].[Department], [e].[Email], [e].[Name], [e].[PhotoPath]
FROM [Employees] AS [e]
2020-06-12 08:17:42.0181|INFO|Microsoft.AspNetCore.Mvc.ViewFeatures.ViewResultExecutor|Executed ViewResult - view Index executed in 923.5276ms.
2020-06-12 08:17:42.0181|INFO|Microsoft.AspNetCore.Mvc.Internal.ControllerActionInvoker|Executed action EmployeeManagement.Controllers.HomeController.Index (EmployeeManagement) in 1262.3014ms
2020-06-12 08:17:42.0331|INFO|Microsoft.AspNetCore.Hosting.Internal.WebHost|Request finished in 1632.7819ms 200 text/html; charset=utf-8
2020-06-12 09:02:21.8276|INFO|Microsoft.AspNetCore.DataProtection.KeyManagement.XmlKeyManager|User profile is available. Using 'C:\Users\Pariksheet\AppData\Local\ASP.NET\DataProtection-Keys' as key repository and Windows DPAPI to encrypt keys at rest.
2020-06-12 09:02:22.5007|INFO|Microsoft.AspNetCore.Hosting.Internal.WebHost|Request starting HTTP/1.1 GET http://localhost:44327/  
2020-06-12 09:02:22.5007|INFO|Microsoft.AspNetCore.Hosting.Internal.WebHost|Request starting HTTP/1.1 DEBUG http://localhost:49266/  0
2020-06-12 09:02:22.5607|INFO|Microsoft.AspNetCore.Hosting.Internal.WebHost|Request finished in 56.4147ms 200 
2020-06-12 09:02:22.8377|INFO|Microsoft.AspNetCore.Mvc.Internal.ControllerActionInvoker|Route matched with {action = "Index", controller = "Home"}. Executing controller action with signature Microsoft.AspNetCore.Mvc.ViewResult Index() on controller EmployeeManagement.Controllers.HomeController (EmployeeManagement).
2020-06-12 09:02:23.1427|INFO|Microsoft.AspNetCore.Mvc.Internal.ControllerActionInvoker|Executing action method EmployeeManagement.Controllers.HomeController.Index (EmployeeManagement) - Validation state: Valid
2020-06-12 09:02:23.1497|INFO|Microsoft.AspNetCore.Mvc.Internal.ControllerActionInvoker|Executed action method EmployeeManagement.Controllers.HomeController.Index (EmployeeManagement), returned result Microsoft.AspNetCore.Mvc.ViewResult in 1.5578ms.
2020-06-12 09:02:23.1887|INFO|Microsoft.AspNetCore.Mvc.ViewFeatures.ViewResultExecutor|Executing ViewResult, running view Index.
2020-06-12 09:02:23.6287|INFO|Microsoft.EntityFrameworkCore.Infrastructure|Entity Framework Core 2.2.6-servicing-10079 initialized 'AppDbContext' using provider 'Microsoft.EntityFrameworkCore.SqlServer' with options: MaxPoolSize=128 
2020-06-12 09:02:23.8718|INFO|Microsoft.EntityFrameworkCore.Database.Command|Executed DbCommand (7ms) [Parameters=[], CommandType='Text', CommandTimeout='30']
SELECT [e].[Id], [e].[Department], [e].[Email], [e].[Name], [e].[PhotoPath]
FROM [Employees] AS [e]
2020-06-12 09:02:24.0538|INFO|Microsoft.AspNetCore.Mvc.ViewFeatures.ViewResultExecutor|Executed ViewResult - view Index executed in 893.0273ms.
2020-06-12 09:02:24.0558|INFO|Microsoft.AspNetCore.Mvc.Internal.ControllerActionInvoker|Executed action EmployeeManagement.Controllers.HomeController.Index (EmployeeManagement) in 1216.9533ms
2020-06-12 09:02:24.0558|INFO|Microsoft.AspNetCore.Hosting.Internal.WebHost|Request finished in 1568.6804ms 200 text/html; charset=utf-8
2020-06-12 09:02:27.3820|INFO|Microsoft.AspNetCore.Hosting.Internal.WebHost|Request starting HTTP/1.1 GET http://localhost:44327/account/register  
2020-06-12 09:02:27.3820|INFO|Microsoft.AspNetCore.Mvc.Internal.ControllerActionInvoker|Route matched with {action = "Register", controller = "Account"}. Executing controller action with signature Microsoft.AspNetCore.Mvc.IActionResult Register() on controller EmployeeManagement.Controllers.AccountController (EmployeeManagement).
2020-06-12 09:02:27.3940|INFO|Microsoft.AspNetCore.Mvc.Internal.ControllerActionInvoker|Executing action method EmployeeManagement.Controllers.AccountController.Register (EmployeeManagement) - Validation state: Valid
2020-06-12 09:02:27.3940|INFO|Microsoft.AspNetCore.Mvc.Internal.ControllerActionInvoker|Executed action method EmployeeManagement.Controllers.AccountController.Register (EmployeeManagement), returned result Microsoft.AspNetCore.Mvc.ViewResult in 0.3421ms.
2020-06-12 09:02:27.3940|INFO|Microsoft.AspNetCore.Mvc.ViewFeatures.ViewResultExecutor|Executing ViewResult, running view Register.
2020-06-12 09:02:27.4850|INFO|Microsoft.AspNetCore.Mvc.ViewFeatures.ViewResultExecutor|Executed ViewResult - view Register executed in 89.2495ms.
2020-06-12 09:02:27.4850|INFO|Microsoft.AspNetCore.Mvc.Internal.ControllerActionInvoker|Executed action EmployeeManagement.Controllers.AccountController.Register (EmployeeManagement) in 92.6684ms
2020-06-12 09:02:27.4850|INFO|Microsoft.AspNetCore.Hosting.Internal.WebHost|Request finished in 104.031ms 200 text/html; charset=utf-8
2020-06-12 09:02:33.8123|INFO|Microsoft.AspNetCore.Hosting.Internal.WebHost|Request starting HTTP/1.1 GET http://localhost:44327/account/login  
2020-06-12 09:02:33.8383|INFO|Microsoft.AspNetCore.Mvc.Internal.ControllerActionInvoker|Route matched with {action = "Login", controller = "Account"}. Executing controller action with signature System.Threading.Tasks.Task`1[Microsoft.AspNetCore.Mvc.IActionResult] Login(System.String) on controller EmployeeManagement.Controllers.AccountController (EmployeeManagement).
2020-06-12 09:02:33.8383|INFO|Microsoft.AspNetCore.Mvc.Internal.ControllerActionInvoker|Executing action method EmployeeManagement.Controllers.AccountController.Login (EmployeeManagement) - Validation state: Valid
2020-06-12 09:02:33.8563|INFO|Microsoft.AspNetCore.Mvc.Internal.ControllerActionInvoker|Executed action method EmployeeManagement.Controllers.AccountController.Login (EmployeeManagement), returned result Microsoft.AspNetCore.Mvc.ViewResult in 4.5089ms.
2020-06-12 09:02:33.8563|INFO|Microsoft.AspNetCore.Mvc.ViewFeatures.ViewResultExecutor|Executing ViewResult, running view Login.
2020-06-12 09:02:33.9013|INFO|Microsoft.AspNetCore.Mvc.ViewFeatures.ViewResultExecutor|Executed ViewResult - view Login executed in 44.3624ms.
2020-06-12 09:02:33.9013|INFO|Microsoft.AspNetCore.Mvc.Internal.ControllerActionInvoker|Executed action EmployeeManagement.Controllers.AccountController.Login (EmployeeManagement) in 62.8018ms
2020-06-12 09:02:33.9013|INFO|Microsoft.AspNetCore.Hosting.Internal.WebHost|Request finished in 90.9917ms 200 text/html; charset=utf-8
2020-06-12 09:02:39.1276|INFO|Microsoft.AspNetCore.Hosting.Internal.WebHost|Request starting HTTP/1.1 POST http://localhost:44327/account/externallogin application/x-www-form-urlencoded 198
2020-06-12 09:02:39.1276|INFO|Microsoft.AspNetCore.Mvc.Internal.ControllerActionInvoker|Route matched with {action = "ExternalLogin", controller = "Account"}. Executing controller action with signature Microsoft.AspNetCore.Mvc.IActionResult ExternalLogin(System.String, System.String) on controller EmployeeManagement.Controllers.AccountController (EmployeeManagement).
2020-06-12 09:02:39.1676|INFO|Microsoft.AspNetCore.Mvc.Internal.ControllerActionInvoker|Executing action method EmployeeManagement.Controllers.AccountController.ExternalLogin (EmployeeManagement) - Validation state: Valid
2020-06-12 09:02:41.1418|INFO|Microsoft.AspNetCore.Mvc.Internal.ControllerActionInvoker|Executed action method EmployeeManagement.Controllers.AccountController.ExternalLogin (EmployeeManagement), returned result Microsoft.AspNetCore.Mvc.ChallengeResult in 1972.6423ms.
2020-06-12 09:02:41.1418|INFO|Microsoft.AspNetCore.Mvc.ChallengeResult|Executing ChallengeResult with authentication schemes (Google).
2020-06-12 09:02:41.1598|INFO|Microsoft.AspNetCore.Authentication.Google.GoogleHandler|AuthenticationScheme: Google was challenged.
2020-06-12 09:02:41.1598|INFO|Microsoft.AspNetCore.Mvc.Internal.ControllerActionInvoker|Executed action EmployeeManagement.Controllers.AccountController.ExternalLogin (EmployeeManagement) in 2029.7566ms
2020-06-12 09:02:41.1598|INFO|Microsoft.AspNetCore.Hosting.Internal.WebHost|Request finished in 2034.9361ms 302 
2020-06-12 09:02:45.2160|INFO|Microsoft.AspNetCore.Hosting.Internal.WebHost|Request starting HTTP/1.1 GET http://localhost:44327/signin-google?state=CfDJ8OppLAnSpZBBnOns_WVxN4L1gloqkq-W8xGz2LoQn80iNwiJP-UT5nX7cTmcOxGpHT0mzti9tt24YAAGd6PQYI4yGrZRJpfs7NCnkMg44mHiPaXPG7E2B9ns-pcayul-SykEJy40Pty9hss7izs9EUDxR1-jHYoV1i5B7r4GiTWXO_MCKQCJ_pOTrllZVEN61m_POSjFi9Lo6VVRQqvTfwrQ5f6eIDeTYjCsG8w6Eq3_rBlYAop5f1wSQ57T1uzvKEUrePUwuiReOlH0rYUe6gs&code=4%2F0wHW3mMc310DfFuoqMPuZ4295za7C8WO26W8cmgBWLDj862UgL3M9XD9lNRZBGJ8f2hxj3SS60jlkainUZnUK8g&scope=email+profile+openid+https%3A%2F%2Fwww.googleapis.com%2Fauth%2Fuserinfo.profile+https%3A%2F%2Fwww.googleapis.com%2Fauth%2Fuserinfo.email&authuser=1&prompt=consent  
2020-06-12 09:02:46.3200|INFO|Microsoft.AspNetCore.Authentication.Cookies.CookieAuthenticationHandler|AuthenticationScheme: Identity.External signed in.
2020-06-12 09:02:46.3200|INFO|Microsoft.AspNetCore.Hosting.Internal.WebHost|Request finished in 1109.9425ms 302 
2020-06-12 09:02:46.3350|INFO|Microsoft.AspNetCore.Hosting.Internal.WebHost|Request starting HTTP/1.1 GET http://localhost:44327/Account/ExternalloginCallback  
2020-06-12 09:02:46.3350|INFO|Microsoft.AspNetCore.Mvc.Internal.ControllerActionInvoker|Route matched with {action = "ExternalLoginCallback", controller = "Account"}. Executing controller action with signature System.Threading.Tasks.Task`1[Microsoft.AspNetCore.Mvc.IActionResult] ExternalLoginCallback(System.String, System.String) on controller EmployeeManagement.Controllers.AccountController (EmployeeManagement).
2020-06-12 09:02:46.3350|INFO|Microsoft.AspNetCore.Mvc.Internal.ControllerActionInvoker|Executing action method EmployeeManagement.Controllers.AccountController.ExternalLoginCallback (EmployeeManagement) - Validation state: Valid
2020-06-12 09:02:47.3621|INFO|Microsoft.EntityFrameworkCore.Database.Command|Executed DbCommand (16ms) [Parameters=[@__normalizedEmail_0='?' (Size = 256)], CommandType='Text', CommandTimeout='30']
SELECT TOP(1) [u].[Id], [u].[AccessFailedCount], [u].[City], [u].[ConcurrencyStamp], [u].[Email], [u].[EmailConfirmed], [u].[LockoutEnabled], [u].[LockoutEnd], [u].[NormalizedEmail], [u].[NormalizedUserName], [u].[PasswordHash], [u].[PhoneNumber], [u].[PhoneNumberConfirmed], [u].[SecurityStamp], [u].[TwoFactorEnabled], [u].[UserName]
FROM [AspNetUsers] AS [u]
WHERE [u].[NormalizedEmail] = @__normalizedEmail_0
2020-06-12 09:02:47.4271|INFO|Microsoft.EntityFrameworkCore.Database.Command|Executed DbCommand (7ms) [Parameters=[@__loginProvider_0='?' (Size = 450), @__providerKey_1='?' (Size = 450)], CommandType='Text', CommandTimeout='30']
SELECT TOP(2) [userLogin].[LoginProvider], [userLogin].[ProviderKey], [userLogin].[ProviderDisplayName], [userLogin].[UserId]
FROM [AspNetUserLogins] AS [userLogin]
WHERE ([userLogin].[LoginProvider] = @__loginProvider_0) AND ([userLogin].[ProviderKey] = @__providerKey_1)
2020-06-12 09:02:47.4721|INFO|Microsoft.EntityFrameworkCore.Database.Command|Executed DbCommand (2ms) [Parameters=[@__normalizedUserName_0='?' (Size = 256)], CommandType='Text', CommandTimeout='30']
SELECT TOP(1) [u].[Id], [u].[AccessFailedCount], [u].[City], [u].[ConcurrencyStamp], [u].[Email], [u].[EmailConfirmed], [u].[LockoutEnabled], [u].[LockoutEnd], [u].[NormalizedEmail], [u].[NormalizedUserName], [u].[PasswordHash], [u].[PhoneNumber], [u].[PhoneNumberConfirmed], [u].[SecurityStamp], [u].[TwoFactorEnabled], [u].[UserName]
FROM [AspNetUsers] AS [u]
WHERE [u].[NormalizedUserName] = @__normalizedUserName_0
2020-06-12 09:02:47.6891|INFO|Microsoft.EntityFrameworkCore.Database.Command|Executed DbCommand (14ms) [Parameters=[@p0='?' (Size = 450), @p1='?' (DbType = Int32), @p2='?' (Size = 4000), @p3='?' (Size = 4000), @p4='?' (Size = 256), @p5='?' (DbType = Boolean), @p6='?' (DbType = Boolean), @p7='?' (DbType = DateTimeOffset), @p8='?' (Size = 256), @p9='?' (Size = 256), @p10='?' (Size = 4000), @p11='?' (Size = 4000), @p12='?' (DbType = Boolean), @p13='?' (Size = 4000), @p14='?' (DbType = Boolean), @p15='?' (Size = 256)], CommandType='Text', CommandTimeout='30']
SET NOCOUNT ON;
INSERT INTO [AspNetUsers] ([Id], [AccessFailedCount], [City], [ConcurrencyStamp], [Email], [EmailConfirmed], [LockoutEnabled], [LockoutEnd], [NormalizedEmail], [NormalizedUserName], [PasswordHash], [PhoneNumber], [PhoneNumberConfirmed], [SecurityStamp], [TwoFactorEnabled], [UserName])
VALUES (@p0, @p1, @p2, @p3, @p4, @p5, @p6, @p7, @p8, @p9, @p10, @p11, @p12, @p13, @p14, @p15);
2020-06-12 09:02:47.7401|WARN|EmployeeManagement.Controllers.AccountController|https://localhost:44327/Account/ConfirmEmail?userId=2fe59bdc-01db-451a-9aa5-ff16d4a153ac&token=CfDJ8OppLAnSpZBBnOns%2FWVxN4IRiiILLHRsrFFrSsFiw6H3W6yRyXefuDVQipXYVqOgsQfXT1hR6sefwnfnnoBBnRuxr1ppL%2F4K7GIkpunCG14sNrk09tOLXdN8hTW2oX3PAbHQ%2Bb0iPifGNAQjyDonGyIRA4o1%2B3kOaQkC6pKBVNqL2DlKpumeycQJo6bEbV38gO7OJNNDPbZ%2FQtpV%2Fz0GNV2t%2FxmuW6SeZXpsBOwHSwuFEXiDkkMCT6l8rwHTlRTjVA%3D%3D
2020-06-12 09:02:47.7401|INFO|Microsoft.AspNetCore.Mvc.Internal.ControllerActionInvoker|Executed action method EmployeeManagement.Controllers.AccountController.ExternalLoginCallback (EmployeeManagement), returned result Microsoft.AspNetCore.Mvc.ViewResult in 1403.0881ms.
2020-06-12 09:02:47.7571|INFO|Microsoft.AspNetCore.Mvc.ViewFeatures.ViewResultExecutor|Executing ViewResult, running view Error.
2020-06-12 09:02:47.7851|INFO|Microsoft.AspNetCore.Mvc.ViewFeatures.ViewResultExecutor|Executed ViewResult - view Error executed in 30.2172ms.
2020-06-12 09:02:47.7851|INFO|Microsoft.AspNetCore.Mvc.Internal.ControllerActionInvoker|Executed action EmployeeManagement.Controllers.AccountController.ExternalLoginCallback (EmployeeManagement) in 1446.5602ms
2020-06-12 09:02:47.7851|INFO|Microsoft.AspNetCore.Hosting.Internal.WebHost|Request finished in 1458.1405ms 200 text/html; charset=utf-8
2020-06-12 09:03:45.2584|INFO|Microsoft.AspNetCore.Hosting.Internal.WebHost|Request starting HTTP/1.1 GET http://localhost:44327/Account/ConfirmEmail?userId=2fe59bdc-01db-451a-9aa5-ff16d4a153ac&token=CfDJ8OppLAnSpZBBnOns%2FWVxN4IRiiILLHRsrFFrSsFiw6H3W6yRyXefuDVQipXYVqOgsQfXT1hR6sefwnfnnoBBnRuxr1ppL%2F4K7GIkpunCG14sNrk09tOLXdN8hTW2oX3PAbHQ%2Bb0iPifGNAQjyDonGyIRA4o1%2B3kOaQkC6pKBVNqL2DlKpumeycQJo6bEbV38gO7OJNNDPbZ%2FQtpV%2Fz0GNV2t%2FxmuW6SeZXpsBOwHSwuFEXiDkkMCT6l8rwHTlRTjVA%3D%3D  
2020-06-12 09:03:45.2584|INFO|Microsoft.AspNetCore.Mvc.Internal.ControllerActionInvoker|Route matched with {action = "ConfirmEmail", controller = "Account"}. Executing controller action with signature System.Threading.Tasks.Task`1[Microsoft.AspNetCore.Mvc.IActionResult] ConfirmEmail(System.String, System.String) on controller EmployeeManagement.Controllers.AccountController (EmployeeManagement).
2020-06-12 09:03:45.2744|INFO|Microsoft.AspNetCore.Mvc.Internal.ControllerActionInvoker|Executing action method EmployeeManagement.Controllers.AccountController.ConfirmEmail (EmployeeManagement) - Validation state: Valid
2020-06-12 09:03:45.2984|INFO|Microsoft.EntityFrameworkCore.Database.Command|Executed DbCommand (2ms) [Parameters=[@__get_Item_0='?' (Size = 450)], CommandType='Text', CommandTimeout='30']
SELECT TOP(1) [e].[Id], [e].[AccessFailedCount], [e].[City], [e].[ConcurrencyStamp], [e].[Email], [e].[EmailConfirmed], [e].[LockoutEnabled], [e].[LockoutEnd], [e].[NormalizedEmail], [e].[NormalizedUserName], [e].[PasswordHash], [e].[PhoneNumber], [e].[PhoneNumberConfirmed], [e].[SecurityStamp], [e].[TwoFactorEnabled], [e].[UserName]
FROM [AspNetUsers] AS [e]
WHERE [e].[Id] = @__get_Item_0
2020-06-12 09:03:45.3204|INFO|Microsoft.EntityFrameworkCore.Database.Command|Executed DbCommand (3ms) [Parameters=[@__normalizedUserName_0='?' (Size = 256)], CommandType='Text', CommandTimeout='30']
SELECT TOP(1) [u].[Id], [u].[AccessFailedCount], [u].[City], [u].[ConcurrencyStamp], [u].[Email], [u].[EmailConfirmed], [u].[LockoutEnabled], [u].[LockoutEnd], [u].[NormalizedEmail], [u].[NormalizedUserName], [u].[PasswordHash], [u].[PhoneNumber], [u].[PhoneNumberConfirmed], [u].[SecurityStamp], [u].[TwoFactorEnabled], [u].[UserName]
FROM [AspNetUsers] AS [u]
WHERE [u].[NormalizedUserName] = @__normalizedUserName_0
2020-06-12 09:03:45.3464|INFO|Microsoft.EntityFrameworkCore.Database.Command|Executed DbCommand (6ms) [Parameters=[@p15='?' (Size = 450), @p0='?' (DbType = Int32), @p1='?' (Size = 4000), @p2='?' (Size = 4000), @p16='?' (Size = 4000), @p3='?' (Size = 256), @p4='?' (DbType = Boolean), @p5='?' (DbType = Boolean), @p6='?' (DbType = DateTimeOffset), @p7='?' (Size = 256), @p8='?' (Size = 256), @p9='?' (Size = 4000), @p10='?' (Size = 4000), @p11='?' (DbType = Boolean), @p12='?' (Size = 4000), @p13='?' (DbType = Boolean), @p14='?' (Size = 256)], CommandType='Text', CommandTimeout='30']
SET NOCOUNT ON;
UPDATE [AspNetUsers] SET [AccessFailedCount] = @p0, [City] = @p1, [ConcurrencyStamp] = @p2, [Email] = @p3, [EmailConfirmed] = @p4, [LockoutEnabled] = @p5, [LockoutEnd] = @p6, [NormalizedEmail] = @p7, [NormalizedUserName] = @p8, [PasswordHash] = @p9, [PhoneNumber] = @p10, [PhoneNumberConfirmed] = @p11, [SecurityStamp] = @p12, [TwoFactorEnabled] = @p13, [UserName] = @p14
WHERE [Id] = @p15 AND [ConcurrencyStamp] = @p16;
SELECT @@ROWCOUNT;
2020-06-12 09:03:45.3554|INFO|Microsoft.AspNetCore.Mvc.Internal.ControllerActionInvoker|Executed action method EmployeeManagement.Controllers.AccountController.ConfirmEmail (EmployeeManagement), returned result Microsoft.AspNetCore.Mvc.ViewResult in 79.7052ms.
2020-06-12 09:03:45.3554|INFO|Microsoft.AspNetCore.Mvc.ViewFeatures.ViewResultExecutor|Executing ViewResult, running view ConfirmEmail.
2020-06-12 09:03:45.3634|INFO|Microsoft.AspNetCore.Mvc.ViewFeatures.ViewResultExecutor|Executed ViewResult - view ConfirmEmail executed in 8.0454ms.
2020-06-12 09:03:45.3634|INFO|Microsoft.AspNetCore.Mvc.Internal.ControllerActionInvoker|Executed action EmployeeManagement.Controllers.AccountController.ConfirmEmail (EmployeeManagement) in 96.0899ms
2020-06-12 09:03:45.3634|INFO|Microsoft.AspNetCore.Hosting.Internal.WebHost|Request finished in 107.4011ms 200 text/html; charset=utf-8
2020-06-12 09:03:48.9996|INFO|Microsoft.AspNetCore.Hosting.Internal.WebHost|Request starting HTTP/1.1 GET http://localhost:44327/account/login  
2020-06-12 09:03:48.9996|INFO|Microsoft.AspNetCore.Mvc.Internal.ControllerActionInvoker|Route matched with {action = "Login", controller = "Account"}. Executing controller action with signature System.Threading.Tasks.Task`1[Microsoft.AspNetCore.Mvc.IActionResult] Login(System.String) on controller EmployeeManagement.Controllers.AccountController (EmployeeManagement).
2020-06-12 09:03:48.9996|INFO|Microsoft.AspNetCore.Mvc.Internal.ControllerActionInvoker|Executing action method EmployeeManagement.Controllers.AccountController.Login (EmployeeManagement) - Validation state: Valid
2020-06-12 09:03:48.9996|INFO|Microsoft.AspNetCore.Mvc.Internal.ControllerActionInvoker|Executed action method EmployeeManagement.Controllers.AccountController.Login (EmployeeManagement), returned result Microsoft.AspNetCore.Mvc.ViewResult in 0.0821ms.
2020-06-12 09:03:48.9996|INFO|Microsoft.AspNetCore.Mvc.ViewFeatures.ViewResultExecutor|Executing ViewResult, running view Login.
2020-06-12 09:03:49.0176|INFO|Microsoft.AspNetCore.Mvc.ViewFeatures.ViewResultExecutor|Executed ViewResult - view Login executed in 6.3793ms.
2020-06-12 09:03:49.0176|INFO|Microsoft.AspNetCore.Mvc.Internal.ControllerActionInvoker|Executed action EmployeeManagement.Controllers.AccountController.Login (EmployeeManagement) in 11.8261ms
2020-06-12 09:03:49.0176|INFO|Microsoft.AspNetCore.Hosting.Internal.WebHost|Request finished in 21.8391ms 200 text/html; charset=utf-8
2020-06-12 09:03:50.6647|INFO|Microsoft.AspNetCore.Hosting.Internal.WebHost|Request starting HTTP/1.1 POST http://localhost:44327/account/externallogin application/x-www-form-urlencoded 198
2020-06-12 09:03:50.6667|INFO|Microsoft.AspNetCore.Mvc.Internal.ControllerActionInvoker|Route matched with {action = "ExternalLogin", controller = "Account"}. Executing controller action with signature Microsoft.AspNetCore.Mvc.IActionResult ExternalLogin(System.String, System.String) on controller EmployeeManagement.Controllers.AccountController (EmployeeManagement).
2020-06-12 09:03:50.6667|INFO|Microsoft.AspNetCore.Mvc.Internal.ControllerActionInvoker|Executing action method EmployeeManagement.Controllers.AccountController.ExternalLogin (EmployeeManagement) - Validation state: Valid
2020-06-12 09:03:52.0178|INFO|Microsoft.AspNetCore.Mvc.Internal.ControllerActionInvoker|Executed action method EmployeeManagement.Controllers.AccountController.ExternalLogin (EmployeeManagement), returned result Microsoft.AspNetCore.Mvc.ChallengeResult in 1346.2688ms.
2020-06-12 09:03:52.0178|INFO|Microsoft.AspNetCore.Mvc.ChallengeResult|Executing ChallengeResult with authentication schemes (Google).
2020-06-12 09:03:52.0238|INFO|Microsoft.AspNetCore.Authentication.Google.GoogleHandler|AuthenticationScheme: Google was challenged.
2020-06-12 09:03:52.0238|INFO|Microsoft.AspNetCore.Mvc.Internal.ControllerActionInvoker|Executed action EmployeeManagement.Controllers.AccountController.ExternalLogin (EmployeeManagement) in 1357.5065ms
2020-06-12 09:03:52.0238|INFO|Microsoft.AspNetCore.Hosting.Internal.WebHost|Request finished in 1361.5725ms 302 
2020-06-12 09:03:55.6250|INFO|Microsoft.AspNetCore.Hosting.Internal.WebHost|Request starting HTTP/1.1 GET http://localhost:44327/signin-google?state=CfDJ8OppLAnSpZBBnOns_WVxN4IGP1xft73TG7PWTznD_N789BDBrOynS1PlP-H2zBXIj7vY01lNgoQoxoVzYgIHrvGPNt3chr_Ep-rH16guZ2zSlxPm0IuKCLyNnT9-ZkgPJNmLJ2n0sSA2cHmCX3Y6rY7V8pRWY4Imb6Wc6ZjKkBXjIxMPHSKD4sTy66rWwAd-XQRpRcBKRHc5T4GnNeYC2HmqFq_bgOjWYJa7C8jnLXHDLKxa2JHMZxEUZwO7-Y-wWJBs9ISS2bF546JBsTNyzZw&code=4%2F0wEGRJOv93-3KMJn26kMF_GdmXVkWpBpuh6tPRhY__XrGHpmny8YyZJIdoNlOI660wcw7iHqIfcsHIPFR0LjTTc&scope=email+profile+openid+https%3A%2F%2Fwww.googleapis.com%2Fauth%2Fuserinfo.profile+https%3A%2F%2Fwww.googleapis.com%2Fauth%2Fuserinfo.email&authuser=1&prompt=consent  
2020-06-12 09:03:56.0010|INFO|Microsoft.AspNetCore.Authentication.Cookies.CookieAuthenticationHandler|AuthenticationScheme: Identity.External signed in.
2020-06-12 09:03:56.0020|INFO|Microsoft.AspNetCore.Hosting.Internal.WebHost|Request finished in 377.4098ms 302 
2020-06-12 09:03:56.0020|INFO|Microsoft.AspNetCore.Hosting.Internal.WebHost|Request starting HTTP/1.1 GET http://localhost:44327/Account/ExternalloginCallback  
2020-06-12 09:03:56.0020|INFO|Microsoft.AspNetCore.Mvc.Internal.ControllerActionInvoker|Route matched with {action = "ExternalLoginCallback", controller = "Account"}. Executing controller action with signature System.Threading.Tasks.Task`1[Microsoft.AspNetCore.Mvc.IActionResult] ExternalLoginCallback(System.String, System.String) on controller EmployeeManagement.Controllers.AccountController (EmployeeManagement).
2020-06-12 09:03:56.0020|INFO|Microsoft.AspNetCore.Mvc.Internal.ControllerActionInvoker|Executing action method EmployeeManagement.Controllers.AccountController.ExternalLoginCallback (EmployeeManagement) - Validation state: Valid
2020-06-12 09:03:56.5301|INFO|Microsoft.EntityFrameworkCore.Database.Command|Executed DbCommand (8ms) [Parameters=[@__normalizedEmail_0='?' (Size = 256)], CommandType='Text', CommandTimeout='30']
SELECT TOP(1) [u].[Id], [u].[AccessFailedCount], [u].[City], [u].[ConcurrencyStamp], [u].[Email], [u].[EmailConfirmed], [u].[LockoutEnabled], [u].[LockoutEnd], [u].[NormalizedEmail], [u].[NormalizedUserName], [u].[PasswordHash], [u].[PhoneNumber], [u].[PhoneNumberConfirmed], [u].[SecurityStamp], [u].[TwoFactorEnabled], [u].[UserName]
FROM [AspNetUsers] AS [u]
WHERE [u].[NormalizedEmail] = @__normalizedEmail_0
2020-06-12 09:03:56.5341|INFO|Microsoft.EntityFrameworkCore.Database.Command|Executed DbCommand (1ms) [Parameters=[@__loginProvider_0='?' (Size = 450), @__providerKey_1='?' (Size = 450)], CommandType='Text', CommandTimeout='30']
SELECT TOP(2) [userLogin].[LoginProvider], [userLogin].[ProviderKey], [userLogin].[ProviderDisplayName], [userLogin].[UserId]
FROM [AspNetUserLogins] AS [userLogin]
WHERE ([userLogin].[LoginProvider] = @__loginProvider_0) AND ([userLogin].[ProviderKey] = @__providerKey_1)
2020-06-12 09:03:56.5341|INFO|Microsoft.EntityFrameworkCore.Database.Command|Executed DbCommand (7ms) [Parameters=[@__loginProvider_0='?' (Size = 450), @__providerKey_1='?' (Size = 450)], CommandType='Text', CommandTimeout='30']
SELECT TOP(2) [userLogin].[LoginProvider], [userLogin].[ProviderKey], [userLogin].[ProviderDisplayName], [userLogin].[UserId]
FROM [AspNetUserLogins] AS [userLogin]
WHERE ([userLogin].[LoginProvider] = @__loginProvider_0) AND ([userLogin].[ProviderKey] = @__providerKey_1)
2020-06-12 09:03:56.5621|INFO|Microsoft.EntityFrameworkCore.Database.Command|Executed DbCommand (1ms) [Parameters=[@__normalizedUserName_0='?' (Size = 256)], CommandType='Text', CommandTimeout='30']
SELECT TOP(1) [u].[Id], [u].[AccessFailedCount], [u].[City], [u].[ConcurrencyStamp], [u].[Email], [u].[EmailConfirmed], [u].[LockoutEnabled], [u].[LockoutEnd], [u].[NormalizedEmail], [u].[NormalizedUserName], [u].[PasswordHash], [u].[PhoneNumber], [u].[PhoneNumberConfirmed], [u].[SecurityStamp], [u].[TwoFactorEnabled], [u].[UserName]
FROM [AspNetUsers] AS [u]
WHERE [u].[NormalizedUserName] = @__normalizedUserName_0
2020-06-12 09:03:56.5731|INFO|Microsoft.EntityFrameworkCore.Database.Command|Executed DbCommand (6ms) [Parameters=[@p0='?' (Size = 450), @p1='?' (Size = 450), @p2='?' (Size = 4000), @p3='?' (Size = 450)], CommandType='Text', CommandTimeout='30']
SET NOCOUNT ON;
INSERT INTO [AspNetUserLogins] ([LoginProvider], [ProviderKey], [ProviderDisplayName], [UserId])
VALUES (@p0, @p1, @p2, @p3);
2020-06-12 09:03:56.5731|INFO|Microsoft.EntityFrameworkCore.Database.Command|Executed DbCommand (1ms) [Parameters=[@p15='?' (Size = 450), @p0='?' (DbType = Int32), @p1='?' (Size = 4000), @p2='?' (Size = 4000), @p16='?' (Size = 4000), @p3='?' (Size = 256), @p4='?' (DbType = Boolean), @p5='?' (DbType = Boolean), @p6='?' (DbType = DateTimeOffset), @p7='?' (Size = 256), @p8='?' (Size = 256), @p9='?' (Size = 4000), @p10='?' (Size = 4000), @p11='?' (DbType = Boolean), @p12='?' (Size = 4000), @p13='?' (DbType = Boolean), @p14='?' (Size = 256)], CommandType='Text', CommandTimeout='30']
SET NOCOUNT ON;
UPDATE [AspNetUsers] SET [AccessFailedCount] = @p0, [City] = @p1, [ConcurrencyStamp] = @p2, [Email] = @p3, [EmailConfirmed] = @p4, [LockoutEnabled] = @p5, [LockoutEnd] = @p6, [NormalizedEmail] = @p7, [NormalizedUserName] = @p8, [PasswordHash] = @p9, [PhoneNumber] = @p10, [PhoneNumberConfirmed] = @p11, [SecurityStamp] = @p12, [TwoFactorEnabled] = @p13, [UserName] = @p14
WHERE [Id] = @p15 AND [ConcurrencyStamp] = @p16;
SELECT @@ROWCOUNT;
2020-06-12 09:03:56.6491|INFO|Microsoft.EntityFrameworkCore.Database.Command|Executed DbCommand (2ms) [Parameters=[@__user_Id_0='?' (Size = 450)], CommandType='Text', CommandTimeout='30']
SELECT [uc].[Id], [uc].[ClaimType], [uc].[ClaimValue], [uc].[UserId]
FROM [AspNetUserClaims] AS [uc]
WHERE [uc].[UserId] = @__user_Id_0
2020-06-12 09:03:56.7361|INFO|Microsoft.EntityFrameworkCore.Database.Command|Executed DbCommand (6ms) [Parameters=[@__userId_0='?' (Size = 450)], CommandType='Text', CommandTimeout='30']
SELECT [role].[Name]
FROM [AspNetUserRoles] AS [userRole]
INNER JOIN [AspNetRoles] AS [role] ON [userRole].[RoleId] = [role].[Id]
WHERE [userRole].[UserId] = @__userId_0
2020-06-12 09:03:56.7541|INFO|Microsoft.AspNetCore.Authentication.Cookies.CookieAuthenticationHandler|AuthenticationScheme: Identity.Application signed in.
2020-06-12 09:03:56.7541|INFO|Microsoft.AspNetCore.Mvc.Internal.ControllerActionInvoker|Executed action method EmployeeManagement.Controllers.AccountController.ExternalLoginCallback (EmployeeManagement), returned result Microsoft.AspNetCore.Mvc.LocalRedirectResult in 740.9943ms.
2020-06-12 09:03:56.7541|INFO|Microsoft.AspNetCore.Mvc.Infrastructure.LocalRedirectResultExecutor|Executing LocalRedirectResult, redirecting to /.
2020-06-12 09:03:56.7541|INFO|Microsoft.AspNetCore.Mvc.Internal.ControllerActionInvoker|Executed action EmployeeManagement.Controllers.AccountController.ExternalLoginCallback (EmployeeManagement) in 744.6428ms
2020-06-12 09:03:56.7541|INFO|Microsoft.AspNetCore.Hosting.Internal.WebHost|Request finished in 747.239ms 302 
2020-06-12 09:03:56.7681|INFO|Microsoft.AspNetCore.Hosting.Internal.WebHost|Request starting HTTP/1.1 GET http://localhost:44327/  
2020-06-12 09:03:56.7681|INFO|Microsoft.AspNetCore.Mvc.Internal.ControllerActionInvoker|Route matched with {action = "Index", controller = "Home"}. Executing controller action with signature Microsoft.AspNetCore.Mvc.ViewResult Index() on controller EmployeeManagement.Controllers.HomeController (EmployeeManagement).
2020-06-12 09:03:56.7821|INFO|Microsoft.AspNetCore.Mvc.Internal.ControllerActionInvoker|Executing action method EmployeeManagement.Controllers.HomeController.Index (EmployeeManagement) - Validation state: Valid
2020-06-12 09:03:56.7821|INFO|Microsoft.AspNetCore.Mvc.Internal.ControllerActionInvoker|Executed action method EmployeeManagement.Controllers.HomeController.Index (EmployeeManagement), returned result Microsoft.AspNetCore.Mvc.ViewResult in 0.062ms.
2020-06-12 09:03:56.7821|INFO|Microsoft.AspNetCore.Mvc.ViewFeatures.ViewResultExecutor|Executing ViewResult, running view Index.
2020-06-12 09:03:56.7821|INFO|Microsoft.EntityFrameworkCore.Database.Command|Executed DbCommand (1ms) [Parameters=[], CommandType='Text', CommandTimeout='30']
SELECT [e].[Id], [e].[Department], [e].[Email], [e].[Name], [e].[PhotoPath]
FROM [Employees] AS [e]
2020-06-12 09:03:56.7821|INFO|Microsoft.AspNetCore.Mvc.ViewFeatures.ViewResultExecutor|Executed ViewResult - view Index executed in 7.3578ms.
2020-06-12 09:03:56.7821|INFO|Microsoft.AspNetCore.Mvc.Internal.ControllerActionInvoker|Executed action EmployeeManagement.Controllers.HomeController.Index (EmployeeManagement) in 10.216ms
2020-06-12 09:03:56.7821|INFO|Microsoft.AspNetCore.Hosting.Internal.WebHost|Request finished in 24.7508ms 200 text/html; charset=utf-8
